#
# A fatal error has been detected by the Java Runtime Environment:
#
#  SIGSEGV (0xb) at pc=0x00007f6f72986b84, pid=5523, tid=0x00007f6f4eb90700
#
# JRE version: OpenJDK Runtime Environment (8.0_111-b16) (build 1.8.0_111-b16)
# Java VM: OpenJDK 64-Bit Server VM (25.111-b16 mixed mode linux-amd64 compressed oops)
# Problematic frame:
# C  [libc.so.6+0x90b84]  __memcpy_sse2_unaligned_erms+0x1a4
#
# Failed to write core dump. Core dumps have been disabled. To enable core dumping, try "ulimit -c unlimited" before starting Java again
#
# If you would like to submit a bug report, please visit:
#   http://bugreport.java.com/bugreport/crash.jsp
#

---------------  T H R E A D  ---------------

Current thread (0x00007f6f6c436000):  JavaThread "pool-1-thread-1" [_thread_in_vm, id=5538, stack(0x00007f6f4ea90000,0x00007f6f4eb91000)]

siginfo: si_signo: 11 (SIGSEGV), si_code: 1 (SEGV_MAPERR), si_addr: 0x0000000000000000

Registers:
RAX=0x00000000c2c81250, RBX=0x00007f6f6c436000, RCX=0x00000000c0100800, RDX=0x00000000180b8ba8
RSP=0x00007f6f4eb8e5f8, RBP=0x00007f6f4eb8e670, RSI=0x0000000000000000, RDI=0x00000000c2c81250
R8 =0x0000000000000000, R9 =0x00007f6f728cfd81, R10=0x00007f6f6c017170, R11=0x0000000000000206
R12=0x00000000180b8ba8, R13=0x0000000000000000, R14=0x00007f6f18000a40, R15=0x00007f6f6c436258
RIP=0x00007f6f72986b84, EFLAGS=0x0000000000010206, CSGSFS=0x002b000000000033, ERR=0x0000000000000004
  TRAPNO=0x000000000000000e

Top of Stack: (sp=0x00007f6f4eb8e5f8)
0x00007f6f4eb8e5f8:   00007f6f71ff6aba 0000000000000000
0x00007f6f4eb8e608:   0000000000000000 00007f6f6c436000
0x00007f6f4eb8e618:   0000000000000000 00007f6f6c436000
0x00007f6f4eb8e628:   0000000000000000 0000000000000000
0x00007f6f4eb8e638:   3d1734f6742ec500 00007f6f6c436000
0x00007f6f4eb8e648:   00007f6f6c436258 00007f6f18000a40
0x00007f6f4eb8e658:   00007f6f180b8a40 00007f6f4eb8e7b8
0x00007f6f4eb8e668:   0000000000000042 00007f6f4eb8e6a0
0x00007f6f4eb8e678:   00007f6f54248230 00007f6f180b4fe0
0x00007f6f4eb8e688:   00007f6f6c436258 00007f6f180b4fe0
0x00007f6f4eb8e698:   00007f6f18000a38 00007f6f4eb8e720
0x00007f6f4eb8e6a8:   00007f6f5424839a 00007f6f6c436000
0x00007f6f4eb8e6b8:   000000424e996ed0 00007f6f180b8930
0x00007f6f4eb8e6c8:   00007f6f180b8070 00007f6f4e996ed0
0x00007f6f4eb8e6d8:   00007f6f180b7aa0 000000000000000a
0x00007f6f4eb8e6e8:   3d1734f6742ec500 00007f6f4eb8e7c0
0x00007f6f4eb8e6f8:   00007f6f4e996ed0 0000000000000000
0x00007f6f4eb8e708:   00007f6f4e996ec8 00007f6f4eb8e7c0
0x00007f6f4eb8e718:   00007f6f6c436000 00007f6f4eb8e790
0x00007f6f4eb8e728:   00007f6f5d017754 00007f6f4eb8e790
0x00007f6f4eb8e738:   00007f6f5d0174d9 fffffffe00000000
0x00007f6f4eb8e748:   00007f6f5d0174a2 00007f6f4eb8e750
0x00007f6f4eb8e758:   00007f6f4e996ec8 00007f6f4eb8e7c0
0x00007f6f4eb8e768:   00007f6f4e996f38 0000000000000000
0x00007f6f4eb8e778:   00007f6f4e996ed0 0000000000000000
0x00007f6f4eb8e788:   00007f6f4eb8e7b0 00007f6f4eb8e808
0x00007f6f4eb8e798:   00007f6f5d007d80 00000000ec2edf00
0x00007f6f4eb8e7a8:   00007f6f5d01127b 00000000ec5c5548
0x00007f6f4eb8e7b8:   00000000ec5c5528 0000000000000100
0x00007f6f4eb8e7c8:   00007f6f4eb8e7c8 00007f6f4e996c40
0x00007f6f4eb8e7d8:   00007f6f4eb8e850 00007f6f4e996f38
0x00007f6f4eb8e7e8:   0000000000000000 00007f6f4e996d38 

Instructions: (pc=0x00007f6f72986b84)
0x00007f6f72986b64:   30 48 83 c7 40 48 83 fa 40 77 d0 0f 11 29 0f 11
0x00007f6f72986b74:   71 f0 0f 11 79 e0 44 0f 11 41 d0 41 0f 11 23 c3
0x00007f6f72986b84:   0f 10 26 0f 10 6e 10 0f 10 76 20 0f 10 7e 30 44
0x00007f6f72986b94:   0f 10 44 16 f0 4c 8d 5c 17 f0 48 8d 4c 16 f0 4d 

Register to memory mapping:

RAX=0x00000000c2c81250 is pointing into object: 0x00000000c2c81240
[B 
 - klass: {type array byte}
 - length: 403409832
RBX=0x00007f6f6c436000 is a thread
RCX=0x00000000c0100800 is an unknown value
RDX=0x00000000180b8ba8 is an unknown value
RSP=0x00007f6f4eb8e5f8 is pointing into the stack for thread: 0x00007f6f6c436000
RBP=0x00007f6f4eb8e670 is pointing into the stack for thread: 0x00007f6f6c436000
RSI=0x0000000000000000 is an unknown value
RDI=0x00000000c2c81250 is pointing into object: 0x00000000c2c81240
[B 
 - klass: {type array byte}
 - length: 403409832
R8 =0x0000000000000000 is an unknown value
R9 =0x00007f6f728cfd81: <offset 0xf60d81> in /usr/lib/jvm/java-1.8.0-openjdk-1.8.0.111-5.b16.fc25.x86_64/jre/lib/amd64/server/libjvm.so at 0x00007f6f7196f000
R10=0x00007f6f6c017170 is an unknown value
R11=0x0000000000000206 is an unknown value
R12=0x00000000180b8ba8 is an unknown value
R13=0x0000000000000000 is an unknown value
R14=0x00007f6f18000a40 is an unknown value
R15=0x00007f6f6c436258 is an unknown value


Stack: [0x00007f6f4ea90000,0x00007f6f4eb91000],  sp=0x00007f6f4eb8e5f8,  free space=1017k
Native frames: (J=compiled Java code, j=interpreted, Vv=VM code, C=native code)
C  [libc.so.6+0x90b84]  __memcpy_sse2_unaligned_erms+0x1a4
C  [libsunec.so+0x1230]
C  [libsunec.so+0x139a]  Java_sun_security_ec_ECKeyPairGenerator_generateECKeyPair+0x12a
j  sun.security.ec.ECKeyPairGenerator.generateECKeyPair(I[B[B)[Ljava/lang/Object;+0
j  sun.security.ec.ECKeyPairGenerator.generateKeyPair()Ljava/security/KeyPair;+56
j  java.security.KeyPairGenerator$Delegate.generateKeyPair()Ljava/security/KeyPair;+23
j  sun.security.ssl.ECDHCrypt.<init>(Ljava/security/spec/ECParameterSpec;Ljava/security/SecureRandom;)V+17
j  sun.security.ssl.ClientHandshaker.serverKeyExchange(Lsun/security/ssl/HandshakeMessage$ECDH_ServerKeyExchange;)V+44
j  sun.security.ssl.ClientHandshaker.processMessage(BI)V+582
j  sun.security.ssl.Handshaker.processLoop()V+96
j  sun.security.ssl.Handshaker.process_record(Lsun/security/ssl/InputRecord;Z)V+24
j  sun.security.ssl.SSLSocketImpl.readRecord(Lsun/security/ssl/InputRecord;Z)V+357
j  sun.security.ssl.SSLSocketImpl.performInitialHandshake()V+84
j  sun.security.ssl.SSLSocketImpl.startHandshake(Z)V+13
j  sun.security.ssl.SSLSocketImpl.startHandshake()V+2
j  org.apache.http.conn.ssl.SSLConnectionSocketFactory.createLayeredSocket(Ljava/net/Socket;Ljava/lang/String;ILorg/apache/http/protocol/HttpContext;)Ljava/net/Socket;+258
j  org.apache.http.conn.ssl.SSLConnectionSocketFactory.connectSocket(ILjava/net/Socket;Lorg/apache/http/HttpHost;Ljava/net/InetSocketAddress;Ljava/net/InetSocketAddress;Lorg/apache/http/protocol/HttpContext;)Ljava/net/Socket;+195
j  org.apache.http.impl.conn.DefaultHttpClientConnectionOperator.connect(Lorg/apache/http/conn/ManagedHttpClientConnection;Lorg/apache/http/HttpHost;Ljava/net/InetSocketAddress;ILorg/apache/http/config/SocketConfig;Lorg/apache/http/protocol/HttpContext;)V+287
j  org.apache.http.impl.conn.PoolingHttpClientConnectionManager.connect(Lorg/apache/http/HttpClientConnection;Lorg/apache/http/conn/routing/HttpRoute;ILorg/apache/http/protocol/HttpContext;)V+127
j  org.apache.http.impl.execchain.MainClientExec.establishRoute(Lorg/apache/http/auth/AuthState;Lorg/apache/http/HttpClientConnection;Lorg/apache/http/conn/routing/HttpRoute;Lorg/apache/http/HttpRequest;Lorg/apache/http/client/protocol/HttpClientContext;)V+107
j  org.apache.http.impl.execchain.MainClientExec.execute(Lorg/apache/http/conn/routing/HttpRoute;Lorg/apache/http/client/methods/HttpRequestWrapper;Lorg/apache/http/client/protocol/HttpClientContext;Lorg/apache/http/client/methods/HttpExecutionAware;)Lorg/apache/http/client/methods/CloseableHttpResponse;+438
j  org.apache.http.impl.execchain.ProtocolExec.execute(Lorg/apache/http/conn/routing/HttpRoute;Lorg/apache/http/client/methods/HttpRequestWrapper;Lorg/apache/http/client/protocol/HttpClientContext;Lorg/apache/http/client/methods/HttpExecutionAware;)Lorg/apache/http/client/methods/CloseableHttpResponse;+447
j  org.apache.http.impl.execchain.RetryExec.execute(Lorg/apache/http/conn/routing/HttpRoute;Lorg/apache/http/client/methods/HttpRequestWrapper;Lorg/apache/http/client/protocol/HttpClientContext;Lorg/apache/http/client/methods/HttpExecutionAware;)Lorg/apache/http/client/methods/CloseableHttpResponse;+39
j  org.apache.http.impl.execchain.RedirectExec.execute(Lorg/apache/http/conn/routing/HttpRoute;Lorg/apache/http/client/methods/HttpRequestWrapper;Lorg/apache/http/client/protocol/HttpClientContext;Lorg/apache/http/client/methods/HttpExecutionAware;)Lorg/apache/http/client/methods/CloseableHttpResponse;+85
j  org.apache.http.impl.client.InternalHttpClient.doExecute(Lorg/apache/http/HttpHost;Lorg/apache/http/HttpRequest;Lorg/apache/http/protocol/HttpContext;)Lorg/apache/http/client/methods/CloseableHttpResponse;+168
j  org.apache.http.impl.client.CloseableHttpClient.execute(Lorg/apache/http/client/methods/HttpUriRequest;Lorg/apache/http/protocol/HttpContext;)Lorg/apache/http/client/methods/CloseableHttpResponse;+14
j  org.apache.maven.wagon.providers.http.AbstractHttpClientWagon.execute(Lorg/apache/http/client/methods/HttpUriRequest;)Lorg/apache/http/client/methods/CloseableHttpResponse;+426
j  org.apache.maven.wagon.providers.http.AbstractHttpClientWagon.fillInputData(ILorg/apache/maven/wagon/InputData;)V+178
j  org.apache.maven.wagon.providers.http.AbstractHttpClientWagon.fillInputData(Lorg/apache/maven/wagon/InputData;)V+6
j  org.apache.maven.wagon.StreamWagon.getInputStream(Lorg/apache/maven/wagon/resource/Resource;)Ljava/io/InputStream;+15
j  org.apache.maven.wagon.StreamWagon.getIfNewer(Ljava/lang/String;Ljava/io/File;J)Z+29
j  org.apache.maven.wagon.StreamWagon.get(Ljava/lang/String;Ljava/io/File;)V+4
j  org.sonatype.aether.connector.wagon.WagonRepositoryConnector$GetTask.run()V+285
j  org.sonatype.aether.util.concurrency.RunnableErrorForwarder$1.run()V+4
j  java.util.concurrent.ThreadPoolExecutor.runWorker(Ljava/util/concurrent/ThreadPoolExecutor$Worker;)V+95
j  java.util.concurrent.ThreadPoolExecutor$Worker.run()V+5
j  java.lang.Thread.run()V+11
v  ~StubRoutines::call_stub
V  [libjvm.so+0x670573]
V  [libjvm.so+0x66dae7]
V  [libjvm.so+0x66e0c7]
V  [libjvm.so+0x6b1734]
V  [libjvm.so+0xa46a3b]
V  [libjvm.so+0xa46f1f]
V  [libjvm.so+0x8c8c82]
C  [libpthread.so.0+0x76ca]  start_thread+0xca

Java frames: (J=compiled Java code, j=interpreted, Vv=VM code)
j  sun.security.ec.ECKeyPairGenerator.generateECKeyPair(I[B[B)[Ljava/lang/Object;+0
j  sun.security.ec.ECKeyPairGenerator.generateKeyPair()Ljava/security/KeyPair;+56
j  java.security.KeyPairGenerator$Delegate.generateKeyPair()Ljava/security/KeyPair;+23
j  sun.security.ssl.ECDHCrypt.<init>(Ljava/security/spec/ECParameterSpec;Ljava/security/SecureRandom;)V+17
j  sun.security.ssl.ClientHandshaker.serverKeyExchange(Lsun/security/ssl/HandshakeMessage$ECDH_ServerKeyExchange;)V+44
j  sun.security.ssl.ClientHandshaker.processMessage(BI)V+582
j  sun.security.ssl.Handshaker.processLoop()V+96
j  sun.security.ssl.Handshaker.process_record(Lsun/security/ssl/InputRecord;Z)V+24
j  sun.security.ssl.SSLSocketImpl.readRecord(Lsun/security/ssl/InputRecord;Z)V+357
j  sun.security.ssl.SSLSocketImpl.performInitialHandshake()V+84
j  sun.security.ssl.SSLSocketImpl.startHandshake(Z)V+13
j  sun.security.ssl.SSLSocketImpl.startHandshake()V+2
j  org.apache.http.conn.ssl.SSLConnectionSocketFactory.createLayeredSocket(Ljava/net/Socket;Ljava/lang/String;ILorg/apache/http/protocol/HttpContext;)Ljava/net/Socket;+258
j  org.apache.http.conn.ssl.SSLConnectionSocketFactory.connectSocket(ILjava/net/Socket;Lorg/apache/http/HttpHost;Ljava/net/InetSocketAddress;Ljava/net/InetSocketAddress;Lorg/apache/http/protocol/HttpContext;)Ljava/net/Socket;+195
j  org.apache.http.impl.conn.DefaultHttpClientConnectionOperator.connect(Lorg/apache/http/conn/ManagedHttpClientConnection;Lorg/apache/http/HttpHost;Ljava/net/InetSocketAddress;ILorg/apache/http/config/SocketConfig;Lorg/apache/http/protocol/HttpContext;)V+287
j  org.apache.http.impl.conn.PoolingHttpClientConnectionManager.connect(Lorg/apache/http/HttpClientConnection;Lorg/apache/http/conn/routing/HttpRoute;ILorg/apache/http/protocol/HttpContext;)V+127
j  org.apache.http.impl.execchain.MainClientExec.establishRoute(Lorg/apache/http/auth/AuthState;Lorg/apache/http/HttpClientConnection;Lorg/apache/http/conn/routing/HttpRoute;Lorg/apache/http/HttpRequest;Lorg/apache/http/client/protocol/HttpClientContext;)V+107
j  org.apache.http.impl.execchain.MainClientExec.execute(Lorg/apache/http/conn/routing/HttpRoute;Lorg/apache/http/client/methods/HttpRequestWrapper;Lorg/apache/http/client/protocol/HttpClientContext;Lorg/apache/http/client/methods/HttpExecutionAware;)Lorg/apache/http/client/methods/CloseableHttpResponse;+438
j  org.apache.http.impl.execchain.ProtocolExec.execute(Lorg/apache/http/conn/routing/HttpRoute;Lorg/apache/http/client/methods/HttpRequestWrapper;Lorg/apache/http/client/protocol/HttpClientContext;Lorg/apache/http/client/methods/HttpExecutionAware;)Lorg/apache/http/client/methods/CloseableHttpResponse;+447
j  org.apache.http.impl.execchain.RetryExec.execute(Lorg/apache/http/conn/routing/HttpRoute;Lorg/apache/http/client/methods/HttpRequestWrapper;Lorg/apache/http/client/protocol/HttpClientContext;Lorg/apache/http/client/methods/HttpExecutionAware;)Lorg/apache/http/client/methods/CloseableHttpResponse;+39
j  org.apache.http.impl.execchain.RedirectExec.execute(Lorg/apache/http/conn/routing/HttpRoute;Lorg/apache/http/client/methods/HttpRequestWrapper;Lorg/apache/http/client/protocol/HttpClientContext;Lorg/apache/http/client/methods/HttpExecutionAware;)Lorg/apache/http/client/methods/CloseableHttpResponse;+85
j  org.apache.http.impl.client.InternalHttpClient.doExecute(Lorg/apache/http/HttpHost;Lorg/apache/http/HttpRequest;Lorg/apache/http/protocol/HttpContext;)Lorg/apache/http/client/methods/CloseableHttpResponse;+168
j  org.apache.http.impl.client.CloseableHttpClient.execute(Lorg/apache/http/client/methods/HttpUriRequest;Lorg/apache/http/protocol/HttpContext;)Lorg/apache/http/client/methods/CloseableHttpResponse;+14
j  org.apache.maven.wagon.providers.http.AbstractHttpClientWagon.execute(Lorg/apache/http/client/methods/HttpUriRequest;)Lorg/apache/http/client/methods/CloseableHttpResponse;+426
j  org.apache.maven.wagon.providers.http.AbstractHttpClientWagon.fillInputData(ILorg/apache/maven/wagon/InputData;)V+178
j  org.apache.maven.wagon.providers.http.AbstractHttpClientWagon.fillInputData(Lorg/apache/maven/wagon/InputData;)V+6
j  org.apache.maven.wagon.StreamWagon.getInputStream(Lorg/apache/maven/wagon/resource/Resource;)Ljava/io/InputStream;+15
j  org.apache.maven.wagon.StreamWagon.getIfNewer(Ljava/lang/String;Ljava/io/File;J)Z+29
j  org.apache.maven.wagon.StreamWagon.get(Ljava/lang/String;Ljava/io/File;)V+4
j  org.sonatype.aether.connector.wagon.WagonRepositoryConnector$GetTask.run()V+285
j  org.sonatype.aether.util.concurrency.RunnableErrorForwarder$1.run()V+4
j  java.util.concurrent.ThreadPoolExecutor.runWorker(Ljava/util/concurrent/ThreadPoolExecutor$Worker;)V+95
j  java.util.concurrent.ThreadPoolExecutor$Worker.run()V+5
j  java.lang.Thread.run()V+11
v  ~StubRoutines::call_stub

---------------  P R O C E S S  ---------------

Java Threads: ( => current thread )
=>0x00007f6f6c436000 JavaThread "pool-1-thread-1" [_thread_in_vm, id=5538, stack(0x00007f6f4ea90000,0x00007f6f4eb91000)]
  0x00007f6f6c0db800 JavaThread "Service Thread" daemon [_thread_blocked, id=5536, stack(0x00007f6f5485c000,0x00007f6f5495d000)]
  0x00007f6f6c0ce800 JavaThread "C1 CompilerThread2" daemon [_thread_blocked, id=5535, stack(0x00007f6f5495d000,0x00007f6f54a5e000)]
  0x00007f6f6c0cd000 JavaThread "C2 CompilerThread1" daemon [_thread_blocked, id=5534, stack(0x00007f6f54a5e000,0x00007f6f54b5f000)]
  0x00007f6f6c0bf800 JavaThread "C2 CompilerThread0" daemon [_thread_blocked, id=5533, stack(0x00007f6f54b5f000,0x00007f6f54c60000)]
  0x00007f6f6c0bd800 JavaThread "Signal Dispatcher" daemon [_thread_blocked, id=5532, stack(0x00007f6f54c60000,0x00007f6f54d61000)]
  0x00007f6f6c093800 JavaThread "Finalizer" daemon [_thread_blocked, id=5531, stack(0x00007f6f54d61000,0x00007f6f54e62000)]
  0x00007f6f6c08f000 JavaThread "Reference Handler" daemon [_thread_blocked, id=5530, stack(0x00007f6f54e62000,0x00007f6f54f63000)]
  0x00007f6f6c00a000 JavaThread "main" [_thread_blocked, id=5524, stack(0x00007f6f73600000,0x00007f6f73701000)]

Other Threads:
  0x00007f6f6c085000 VMThread [stack: 0x00007f6f54f63000,0x00007f6f55064000] [id=5529]
  0x00007f6f6c0f3800 WatcherThread [stack: 0x00007f6f54654000,0x00007f6f54755000] [id=5537]

VM state:not at safepoint (normal execution)

VM Mutex/Monitor currently owned by a thread: None

Heap:
 PSYoungGen      total 34304K, used 16656K [0x00000000eb800000, 0x00000000edc00000, 0x0000000100000000)
  eden space 31744K, 44% used [0x00000000eb800000,0x00000000ec5c80a8,0x00000000ed700000)
  from space 2560K, 99% used [0x00000000ed980000,0x00000000edbfc010,0x00000000edc00000)
  to   space 2560K, 0% used [0x00000000ed700000,0x00000000ed700000,0x00000000ed980000)
 ParOldGen       total 436736K, used 398567K [0x00000000c2800000, 0x00000000dd280000, 0x00000000eb800000)
  object space 436736K, 91% used [0x00000000c2800000,0x00000000dad39df8,0x00000000dd280000)
 Metaspace       used 20007K, capacity 20880K, committed 21120K, reserved 1067008K
  class space    used 3600K, capacity 3914K, committed 3968K, reserved 1048576K

Card table byte_map: [0x00007f6f700b8000,0x00007f6f702a5000] byte_map_base: 0x00007f6f6faa4000

Marking Bits: (ParMarkBitMap*) 0x00007f6f728d9820
 Begin Bits: [0x00007f6f56140000, 0x00007f6f570a0000)
 End Bits:   [0x00007f6f570a0000, 0x00007f6f58000000)

Polling page: 0x00007f6f73725000

CodeCache: size=245760Kb used=3943Kb max_used=3943Kb free=241816Kb
 bounds [0x00007f6f5d000000, 0x00007f6f5d3e0000, 0x00007f6f6c000000]
 total_blobs=1988 nmethods=1590 adapters=310
 compilation: enabled

Compilation events (10 events):
Event: 1.646 Thread 0x00007f6f6c0ce800 1586       1       java.math.MutableBigInteger::mulsub (110 bytes)
Event: 1.646 Thread 0x00007f6f6c0ce800 nmethod 1586 0x00007f6f5d3d7cd0 code [0x00007f6f5d3d7e40, 0x00007f6f5d3d8050]
Event: 1.648 Thread 0x00007f6f6c0ce800 1587       1       sun.security.provider.SHA2::implCompress (331 bytes)
Event: 1.648 Thread 0x00007f6f6c0ce800 nmethod 1587 0x00007f6f5d3d8250 code [0x00007f6f5d3d8400, 0x00007f6f5d3d8a28]
Event: 1.649 Thread 0x00007f6f6c0ce800 1588       1       sun.security.provider.SHA5::lf_S (11 bytes)
Event: 1.649 Thread 0x00007f6f6c0ce800 nmethod 1588 0x00007f6f5d3d91d0 code [0x00007f6f5d3d9320, 0x00007f6f5d3d9430]
Event: 1.649 Thread 0x00007f6f6c0ce800 1589       1       sun.security.provider.SHA5::lf_R (4 bytes)
Event: 1.650 Thread 0x00007f6f6c0ce800 nmethod 1589 0x00007f6f5d3d9490 code [0x00007f6f5d3d95e0, 0x00007f6f5d3d96d0]
Event: 1.651 Thread 0x00007f6f6c0ce800 1590       1       java.math.BigInteger::bitLength (140 bytes)
Event: 1.651 Thread 0x00007f6f6c0ce800 nmethod 1590 0x00007f6f5d3d9710 code [0x00007f6f5d3d98a0, 0x00007f6f5d3d9b38]

GC Heap History (8 events):
Event: 0.397 GC heap before
{Heap before GC invocations=1 (full 0):
 PSYoungGen      total 18432K, used 15872K [0x00000000eb800000, 0x00000000ecc80000, 0x0000000100000000)
  eden space 15872K, 100% used [0x00000000eb800000,0x00000000ec780000,0x00000000ec780000)
  from space 2560K, 0% used [0x00000000eca00000,0x00000000eca00000,0x00000000ecc80000)
  to   space 2560K, 0% used [0x00000000ec780000,0x00000000ec780000,0x00000000eca00000)
 ParOldGen       total 42496K, used 0K [0x00000000c2800000, 0x00000000c5180000, 0x00000000eb800000)
  object space 42496K, 0% used [0x00000000c2800000,0x00000000c2800000,0x00000000c5180000)
 Metaspace       used 10025K, capacity 10092K, committed 10240K, reserved 1056768K
  class space    used 2008K, capacity 2024K, committed 2048K, reserved 1048576K
Event: 0.401 GC heap after
Heap after GC invocations=1 (full 0):
 PSYoungGen      total 18432K, used 2528K [0x00000000eb800000, 0x00000000ecc80000, 0x0000000100000000)
  eden space 15872K, 0% used [0x00000000eb800000,0x00000000eb800000,0x00000000ec780000)
  from space 2560K, 98% used [0x00000000ec780000,0x00000000ec9f8020,0x00000000eca00000)
  to   space 2560K, 0% used [0x00000000eca00000,0x00000000eca00000,0x00000000ecc80000)
 ParOldGen       total 42496K, used 620K [0x00000000c2800000, 0x00000000c5180000, 0x00000000eb800000)
  object space 42496K, 1% used [0x00000000c2800000,0x00000000c289b1c8,0x00000000c5180000)
 Metaspace       used 10025K, capacity 10092K, committed 10240K, reserved 1056768K
  class space    used 2008K, capacity 2024K, committed 2048K, reserved 1048576K
}
Event: 0.619 GC heap before
{Heap before GC invocations=2 (full 0):
 PSYoungGen      total 18432K, used 18400K [0x00000000eb800000, 0x00000000ecc80000, 0x0000000100000000)
  eden space 15872K, 100% used [0x00000000eb800000,0x00000000ec780000,0x00000000ec780000)
  from space 2560K, 98% used [0x00000000ec780000,0x00000000ec9f8020,0x00000000eca00000)
  to   space 2560K, 0% used [0x00000000eca00000,0x00000000eca00000,0x00000000ecc80000)
 ParOldGen       total 42496K, used 620K [0x00000000c2800000, 0x00000000c5180000, 0x00000000eb800000)
  object space 42496K, 1% used [0x00000000c2800000,0x00000000c289b1c8,0x00000000c5180000)
 Metaspace       used 13835K, capacity 14004K, committed 14080K, reserved 1060864K
  class space    used 2520K, capacity 2553K, committed 2560K, reserved 1048576K
Event: 0.626 GC heap after
Heap after GC invocations=2 (full 0):
 PSYoungGen      total 18432K, used 2548K [0x00000000eb800000, 0x00000000edc00000, 0x0000000100000000)
  eden space 15872K, 0% used [0x00000000eb800000,0x00000000eb800000,0x00000000ec780000)
  from space 2560K, 99% used [0x00000000eca00000,0x00000000ecc7d3e0,0x00000000ecc80000)
  to   space 2560K, 0% used [0x00000000ec780000,0x00000000ec780000,0x00000000eca00000)
 ParOldGen       total 42496K, used 3629K [0x00000000c2800000, 0x00000000c5180000, 0x00000000eb800000)
  object space 42496K, 8% used [0x00000000c2800000,0x00000000c2b8b6f8,0x00000000c5180000)
 Metaspace       used 13835K, capacity 14004K, committed 14080K, reserved 1060864K
  class space    used 2520K, capacity 2553K, committed 2560K, reserved 1048576K
}
Event: 0.741 GC heap before
{Heap before GC invocations=3 (full 0):
 PSYoungGen      total 18432K, used 18420K [0x00000000eb800000, 0x00000000edc00000, 0x0000000100000000)
  eden space 15872K, 100% used [0x00000000eb800000,0x00000000ec780000,0x00000000ec780000)
  from space 2560K, 99% used [0x00000000eca00000,0x00000000ecc7d3e0,0x00000000ecc80000)
  to   space 2560K, 0% used [0x00000000ec780000,0x00000000ec780000,0x00000000eca00000)
 ParOldGen       total 42496K, used 3629K [0x00000000c2800000, 0x00000000c5180000, 0x00000000eb800000)
  object space 42496K, 8% used [0x00000000c2800000,0x00000000c2b8b6f8,0x00000000c5180000)
 Metaspace       used 14299K, capacity 14708K, committed 14848K, reserved 1060864K
  class space    used 2653K, capacity 2781K, committed 2816K, reserved 1048576K
Event: 0.752 GC heap after
Heap after GC invocations=3 (full 0):
 PSYoungGen      total 18432K, used 2532K [0x00000000eb800000, 0x00000000edc00000, 0x0000000100000000)
  eden space 15872K, 0% used [0x00000000eb800000,0x00000000eb800000,0x00000000ec780000)
  from space 2560K, 98% used [0x00000000ec780000,0x00000000ec9f93d0,0x00000000eca00000)
  to   space 2560K, 0% used [0x00000000ed980000,0x00000000ed980000,0x00000000edc00000)
 ParOldGen       total 42496K, used 4003K [0x00000000c2800000, 0x00000000c5180000, 0x00000000eb800000)
  object space 42496K, 9% used [0x00000000c2800000,0x00000000c2be8ec0,0x00000000c5180000)
 Metaspace       used 14299K, capacity 14708K, committed 14848K, reserved 1060864K
  class space    used 2653K, capacity 2781K, committed 2816K, reserved 1048576K
}
Event: 0.845 GC heap before
{Heap before GC invocations=4 (full 0):
 PSYoungGen      total 18432K, used 18404K [0x00000000eb800000, 0x00000000edc00000, 0x0000000100000000)
  eden space 15872K, 100% used [0x00000000eb800000,0x00000000ec780000,0x00000000ec780000)
  from space 2560K, 98% used [0x00000000ec780000,0x00000000ec9f93d0,0x00000000eca00000)
  to   space 2560K, 0% used [0x00000000ed980000,0x00000000ed980000,0x00000000edc00000)
 ParOldGen       total 42496K, used 4003K [0x00000000c2800000, 0x00000000c5180000, 0x00000000eb800000)
  object space 42496K, 9% used [0x00000000c2800000,0x00000000c2be8ec0,0x00000000c5180000)
 Metaspace       used 14792K, capacity 15494K, committed 15616K, reserved 1062912K
  class space    used 2817K, capacity 3051K, committed 3072K, reserved 1048576K
Event: 0.850 GC heap after
Heap after GC invocations=4 (full 0):
 PSYoungGen      total 34304K, used 2544K [0x00000000eb800000, 0x00000000edc00000, 0x0000000100000000)
  eden space 31744K, 0% used [0x00000000eb800000,0x00000000eb800000,0x00000000ed700000)
  from space 2560K, 99% used [0x00000000ed980000,0x00000000edbfc010,0x00000000edc00000)
  to   space 2560K, 0% used [0x00000000ed700000,0x00000000ed700000,0x00000000ed980000)
 ParOldGen       total 42496K, used 4612K [0x00000000c2800000, 0x00000000c5180000, 0x00000000eb800000)
  object space 42496K, 10% used [0x00000000c2800000,0x00000000c2c81240,0x00000000c5180000)
 Metaspace       used 14792K, capacity 15494K, committed 15616K, reserved 1062912K
  class space    used 2817K, capacity 3051K, committed 3072K, reserved 1048576K
}

Deoptimization events (0 events):
No events

Internal exceptions (10 events):
Event: 0.106 Thread 0x00007f6f6c00a000 Exception <a 'java/security/PrivilegedActionException'> (0x00000000eb8f2f58) thrown at [/builddir/build/BUILD/java-1.8.0-openjdk-1.8.0.111-5.b16.fc25.x86_64/openjdk/hotspot/src/share/vm/prims/jvm.cpp, line 1398]
Event: 0.106 Thread 0x00007f6f6c00a000 Exception <a 'java/security/PrivilegedActionException'> (0x00000000eb8f3168) thrown at [/builddir/build/BUILD/java-1.8.0-openjdk-1.8.0.111-5.b16.fc25.x86_64/openjdk/hotspot/src/share/vm/prims/jvm.cpp, line 1398]
Event: 0.411 Thread 0x00007f6f6c00a000 Exception <a 'java/lang/ClassNotFoundException': cemerick/pomegranate/aether__init> (0x00000000eb98a1f0) thrown at [/builddir/build/BUILD/java-1.8.0-openjdk-1.8.0.111-5.b16.fc25.x86_64/openjdk/hotspot/src/share/vm/classfile/systemDictionary.cpp, line 210]
Event: 0.458 Thread 0x00007f6f6c00a000 Exception <a 'java/lang/ClassNotFoundException': org/apache/log4j/Priority> (0x00000000ebc50550) thrown at [/builddir/build/BUILD/java-1.8.0-openjdk-1.8.0.111-5.b16.fc25.x86_64/openjdk/hotspot/src/share/vm/classfile/systemDictionary.cpp, line 210]
Event: 0.458 Thread 0x00007f6f6c00a000 Exception <a 'java/lang/NoClassDefFoundError'> (0x00000000ebc510e8) thrown at [/builddir/build/BUILD/java-1.8.0-openjdk-1.8.0.111-5.b16.fc25.x86_64/openjdk/hotspot/src/share/vm/oops/instanceKlass.cpp, line 968]
Event: 0.736 Thread 0x00007f6f6c00a000 Exception <a 'java/lang/ClassNotFoundException': dynapath/util__init> (0x00000000ec673018) thrown at [/builddir/build/BUILD/java-1.8.0-openjdk-1.8.0.111-5.b16.fc25.x86_64/openjdk/hotspot/src/share/vm/classfile/systemDictionary.cpp, line 210]
Event: 0.803 Thread 0x00007f6f6c00a000 Exception <a 'java/lang/ClassNotFoundException': pedantic/core__init> (0x00000000ebf8de80) thrown at [/builddir/build/BUILD/java-1.8.0-openjdk-1.8.0.111-5.b16.fc25.x86_64/openjdk/hotspot/src/share/vm/classfile/systemDictionary.cpp, line 210]
Event: 0.880 Thread 0x00007f6f6c00a000 Exception <a 'java/lang/ClassNotFoundException': bultitude/core__init> (0x00000000eb952268) thrown at [/builddir/build/BUILD/java-1.8.0-openjdk-1.8.0.111-5.b16.fc25.x86_64/openjdk/hotspot/src/share/vm/classfile/systemDictionary.cpp, line 210]
Event: 1.619 Thread 0x00007f6f6c436000 Exception <a 'java/lang/NoSuchFieldError': method resolution failed> (0x00000000ec529ec0) thrown at [/builddir/build/BUILD/java-1.8.0-openjdk-1.8.0.111-5.b16.fc25.x86_64/openjdk/hotspot/src/share/vm/prims/methodHandles.cpp, line 1146]
Event: 1.621 Thread 0x00007f6f6c436000 Exception <a 'java/lang/NoSuchFieldError': method resolution failed> (0x00000000ec537910) thrown at [/builddir/build/BUILD/java-1.8.0-openjdk-1.8.0.111-5.b16.fc25.x86_64/openjdk/hotspot/src/share/vm/prims/methodHandles.cpp, line 1146]

Events (10 events):
Event: 1.649 loading class java/security/spec/ECPublicKeySpec
Event: 1.649 loading class java/security/spec/ECPublicKeySpec done
Event: 1.649 loading class sun/security/rsa/RSASignature$SHA512withRSA
Event: 1.649 loading class sun/security/rsa/RSASignature$SHA512withRSA done
Event: 1.649 loading class sun/security/provider/SHA5$SHA512
Event: 1.649 loading class sun/security/provider/SHA5
Event: 1.649 loading class sun/security/provider/SHA5 done
Event: 1.649 loading class sun/security/provider/SHA5$SHA512 done
Event: 1.651 loading class sun/security/ssl/ECDHCrypt
Event: 1.651 loading class sun/security/ssl/ECDHCrypt done


Dynamic libraries:
c2800000-dd280000 rw-p 00000000 00:00 0 
dd280000-eb800000 ---p 00000000 00:00 0 
eb800000-edc00000 rw-p 00000000 00:00 0 
edc00000-100000000 ---p 00000000 00:00 0 
100000000-1003e0000 rw-p 00000000 00:00 0 
1003e0000-140000000 ---p 00000000 00:00 0 
55ba63de0000-55ba63de1000 r-xp 00000000 fd:00 1061356                    /usr/lib/jvm/java-1.8.0-openjdk-1.8.0.111-5.b16.fc25.x86_64/jre/bin/java
55ba63fe0000-55ba63fe1000 r--p 00000000 fd:00 1061356                    /usr/lib/jvm/java-1.8.0-openjdk-1.8.0.111-5.b16.fc25.x86_64/jre/bin/java
55ba63fe1000-55ba63fe2000 rw-p 00001000 fd:00 1061356                    /usr/lib/jvm/java-1.8.0-openjdk-1.8.0.111-5.b16.fc25.x86_64/jre/bin/java
55ba65484000-55ba654a5000 rw-p 00000000 00:00 0                          [heap]
7f6f14000000-7f6f14021000 rw-p 00000000 00:00 0 
7f6f14021000-7f6f18000000 ---p 00000000 00:00 0 
7f6f18000000-7f6f18125000 rw-p 00000000 00:00 0 
7f6f18125000-7f6f1c000000 ---p 00000000 00:00 0 
7f6f1c000000-7f6f1c379000 rw-p 00000000 00:00 0 
7f6f1c379000-7f6f20000000 ---p 00000000 00:00 0 
7f6f20000000-7f6f20021000 rw-p 00000000 00:00 0 
7f6f20021000-7f6f24000000 ---p 00000000 00:00 0 
7f6f24000000-7f6f2403e000 rw-p 00000000 00:00 0 
7f6f2403e000-7f6f28000000 ---p 00000000 00:00 0 
7f6f28000000-7f6f28021000 rw-p 00000000 00:00 0 
7f6f28021000-7f6f2c000000 ---p 00000000 00:00 0 
7f6f2c000000-7f6f2c021000 rw-p 00000000 00:00 0 
7f6f2c021000-7f6f30000000 ---p 00000000 00:00 0 
7f6f31467000-7f6f38000000 r--p 00000000 fd:00 919059                     /usr/lib/locale/locale-archive
7f6f38000000-7f6f38021000 rw-p 00000000 00:00 0 
7f6f38021000-7f6f3c000000 ---p 00000000 00:00 0 
7f6f3c000000-7f6f3c021000 rw-p 00000000 00:00 0 
7f6f3c021000-7f6f40000000 ---p 00000000 00:00 0 
7f6f40000000-7f6f40021000 rw-p 00000000 00:00 0 
7f6f40021000-7f6f44000000 ---p 00000000 00:00 0 
7f6f44000000-7f6f44021000 rw-p 00000000 00:00 0 
7f6f44021000-7f6f48000000 ---p 00000000 00:00 0 
7f6f48000000-7f6f48021000 rw-p 00000000 00:00 0 
7f6f48021000-7f6f4c000000 ---p 00000000 00:00 0 
7f6f4de53000-7f6f4df13000 rw-p 00000000 00:00 0 
7f6f4df13000-7f6f4e053000 ---p 00000000 00:00 0 
7f6f4e053000-7f6f4e06a000 r-xp 00000000 fd:00 924864                     /usr/lib64/libresolv-2.24.so
7f6f4e06a000-7f6f4e26a000 ---p 00017000 fd:00 924864                     /usr/lib64/libresolv-2.24.so
7f6f4e26a000-7f6f4e26b000 r--p 00017000 fd:00 924864                     /usr/lib64/libresolv-2.24.so
7f6f4e26b000-7f6f4e26c000 rw-p 00018000 fd:00 924864                     /usr/lib64/libresolv-2.24.so
7f6f4e26c000-7f6f4e26e000 rw-p 00000000 00:00 0 
7f6f4e26e000-7f6f4e273000 r-xp 00000000 fd:00 924858                     /usr/lib64/libnss_dns-2.24.so
7f6f4e273000-7f6f4e473000 ---p 00005000 fd:00 924858                     /usr/lib64/libnss_dns-2.24.so
7f6f4e473000-7f6f4e474000 r--p 00005000 fd:00 924858                     /usr/lib64/libnss_dns-2.24.so
7f6f4e474000-7f6f4e475000 rw-p 00006000 fd:00 924858                     /usr/lib64/libnss_dns-2.24.so
7f6f4e475000-7f6f4e477000 r-xp 00000000 fd:00 926913                     /usr/lib64/libnss_mdns4_minimal.so.2
7f6f4e477000-7f6f4e676000 ---p 00002000 fd:00 926913                     /usr/lib64/libnss_mdns4_minimal.so.2
7f6f4e676000-7f6f4e677000 r--p 00001000 fd:00 926913                     /usr/lib64/libnss_mdns4_minimal.so.2
7f6f4e677000-7f6f4e678000 rw-p 00000000 00:00 0 
7f6f4e678000-7f6f4e68f000 r-xp 00000000 fd:00 1189277                    /usr/lib/jvm/java-1.8.0-openjdk-1.8.0.111-5.b16.fc25.x86_64/jre/lib/amd64/libnet.so
7f6f4e68f000-7f6f4e88e000 ---p 00017000 fd:00 1189277                    /usr/lib/jvm/java-1.8.0-openjdk-1.8.0.111-5.b16.fc25.x86_64/jre/lib/amd64/libnet.so
7f6f4e88e000-7f6f4e88f000 r--p 00016000 fd:00 1189277                    /usr/lib/jvm/java-1.8.0-openjdk-1.8.0.111-5.b16.fc25.x86_64/jre/lib/amd64/libnet.so
7f6f4e88f000-7f6f4e890000 rw-p 00017000 fd:00 1189277                    /usr/lib/jvm/java-1.8.0-openjdk-1.8.0.111-5.b16.fc25.x86_64/jre/lib/amd64/libnet.so
7f6f4e890000-7f6f4ea90000 rw-p 00000000 00:00 0 
7f6f4ea90000-7f6f4ea93000 ---p 00000000 00:00 0 
7f6f4ea93000-7f6f4ed91000 rw-p 00000000 00:00 0 
7f6f4ed91000-7f6f4ef91000 rw-p 00000000 00:00 0 
7f6f4ef91000-7f6f4f00d000 r-xp 00000000 fd:00 926576                     /usr/lib64/libfreeblpriv3.so
7f6f4f00d000-7f6f4f20d000 ---p 0007c000 fd:00 926576                     /usr/lib64/libfreeblpriv3.so
7f6f4f20d000-7f6f4f20f000 r--p 0007c000 fd:00 926576                     /usr/lib64/libfreeblpriv3.so
7f6f4f20f000-7f6f4f210000 rw-p 0007e000 fd:00 926576                     /usr/lib64/libfreeblpriv3.so
7f6f4f210000-7f6f4f214000 rw-p 00000000 00:00 0 
7f6f4f214000-7f6f4f24f000 r-xp 00000000 fd:00 926907                     /usr/lib64/libnspr4.so
7f6f4f24f000-7f6f4f44e000 ---p 0003b000 fd:00 926907                     /usr/lib64/libnspr4.so
7f6f4f44e000-7f6f4f44f000 r--p 0003a000 fd:00 926907                     /usr/lib64/libnspr4.so
7f6f4f44f000-7f6f4f451000 rw-p 0003b000 fd:00 926907                     /usr/lib64/libnspr4.so
7f6f4f451000-7f6f4f453000 rw-p 00000000 00:00 0 
7f6f4f453000-7f6f4f457000 r-xp 00000000 fd:00 926981                     /usr/lib64/libplc4.so
7f6f4f457000-7f6f4f656000 ---p 00004000 fd:00 926981                     /usr/lib64/libplc4.so
7f6f4f656000-7f6f4f657000 r--p 00003000 fd:00 926981                     /usr/lib64/libplc4.so
7f6f4f657000-7f6f4f658000 rw-p 00004000 fd:00 926981                     /usr/lib64/libplc4.so
7f6f4f658000-7f6f4f65b000 r-xp 00000000 fd:00 926982                     /usr/lib64/libplds4.so
7f6f4f65b000-7f6f4f85a000 ---p 00003000 fd:00 926982                     /usr/lib64/libplds4.so
7f6f4f85a000-7f6f4f85b000 r--p 00002000 fd:00 926982                     /usr/lib64/libplds4.so
7f6f4f85b000-7f6f4f85c000 rw-p 00003000 fd:00 926982                     /usr/lib64/libplds4.so
7f6f4f85c000-7f6f4f883000 r-xp 00000000 fd:00 926263                     /usr/lib64/libnssutil3.so
7f6f4f883000-7f6f4fa82000 ---p 00027000 fd:00 926263                     /usr/lib64/libnssutil3.so
7f6f4fa82000-7f6f4fa89000 r--p 00026000 fd:00 926263                     /usr/lib64/libnssutil3.so
7f6f4fa89000-7f6f4fa8a000 rw-p 0002d000 fd:00 926263                     /usr/lib64/libnssutil3.so
7f6f4fa8a000-7f6f4fbac000 r-xp 00000000 fd:00 917668                     /usr/lib64/libnss3.so
7f6f4fbac000-7f6f4fdab000 ---p 00122000 fd:00 917668                     /usr/lib64/libnss3.so
7f6f4fdab000-7f6f4fdb0000 r--p 00121000 fd:00 917668                     /usr/lib64/libnss3.so
7f6f4fdb0000-7f6f4fdb2000 rw-p 00126000 fd:00 917668                     /usr/lib64/libnss3.so
7f6f4fdb2000-7f6f4fdb4000 rw-p 00000000 00:00 0 
7f6f4fdb4000-7f6f4fdfa000 r-xp 00000000 fd:00 928027                     /usr/lib64/libssl3.so
7f6f4fdfa000-7f6f4fffa000 ---p 00046000 fd:00 928027                     /usr/lib64/libssl3.so
7f6f4fffa000-7f6f4fffe000 r--p 00046000 fd:00 928027                     /usr/lib64/libssl3.so
7f6f4fffe000-7f6f4ffff000 rw-p 0004a000 fd:00 928027                     /usr/lib64/libssl3.so
7f6f4ffff000-7f6f50000000 rw-p 00000000 00:00 0 
7f6f50000000-7f6f50021000 rw-p 00000000 00:00 0 
7f6f50021000-7f6f54000000 ---p 00000000 00:00 0 
7f6f54020000-7f6f54044000 r-xp 00000000 fd:00 927972                     /usr/lib64/libsmime3.so
7f6f54044000-7f6f54243000 ---p 00024000 fd:00 927972                     /usr/lib64/libsmime3.so
7f6f54243000-7f6f54246000 r--p 00023000 fd:00 927972                     /usr/lib64/libsmime3.so
7f6f54246000-7f6f54247000 rw-p 00026000 fd:00 927972                     /usr/lib64/libsmime3.so
7f6f54247000-7f6f54253000 r-xp 00000000 fd:00 1189286                    /usr/lib/jvm/java-1.8.0-openjdk-1.8.0.111-5.b16.fc25.x86_64/jre/lib/amd64/libsunec.so
7f6f54253000-7f6f54452000 ---p 0000c000 fd:00 1189286                    /usr/lib/jvm/java-1.8.0-openjdk-1.8.0.111-5.b16.fc25.x86_64/jre/lib/amd64/libsunec.so
7f6f54452000-7f6f54453000 r--p 0000b000 fd:00 1189286                    /usr/lib/jvm/java-1.8.0-openjdk-1.8.0.111-5.b16.fc25.x86_64/jre/lib/amd64/libsunec.so
7f6f54453000-7f6f54654000 rw-p 00000000 00:00 0 
7f6f54654000-7f6f54655000 ---p 00000000 00:00 0 
7f6f54655000-7f6f54755000 rw-p 00000000 00:00 0 
7f6f54755000-7f6f5485c000 r--s 00da2000 fd:02 2362403                    /home/sguryev/.lein/self-installs/leiningen-2.7.1-standalone.jar
7f6f5485c000-7f6f5485f000 ---p 00000000 00:00 0 
7f6f5485f000-7f6f5495d000 rw-p 00000000 00:00 0 
7f6f5495d000-7f6f54960000 ---p 00000000 00:00 0 
7f6f54960000-7f6f54a5e000 rw-p 00000000 00:00 0 
7f6f54a5e000-7f6f54a61000 ---p 00000000 00:00 0 
7f6f54a61000-7f6f54b5f000 rw-p 00000000 00:00 0 
7f6f54b5f000-7f6f54b62000 ---p 00000000 00:00 0 
7f6f54b62000-7f6f54c60000 rw-p 00000000 00:00 0 
7f6f54c60000-7f6f54c63000 ---p 00000000 00:00 0 
7f6f54c63000-7f6f54d61000 rw-p 00000000 00:00 0 
7f6f54d61000-7f6f54d64000 ---p 00000000 00:00 0 
7f6f54d64000-7f6f54e62000 rw-p 00000000 00:00 0 
7f6f54e62000-7f6f54e65000 ---p 00000000 00:00 0 
7f6f54e65000-7f6f54f63000 rw-p 00000000 00:00 0 
7f6f54f63000-7f6f54f64000 ---p 00000000 00:00 0 
7f6f54f64000-7f6f55f73000 rw-p 00000000 00:00 0 
7f6f55f73000-7f6f56140000 r--s 043c9000 fd:00 1061390                    /usr/lib/jvm/java-1.8.0-openjdk-1.8.0.111-5.b16.fc25.x86_64/jre/lib/rt.jar
7f6f56140000-7f6f58000000 rw-p 00000000 00:00 0 
7f6f58000000-7f6f58021000 rw-p 00000000 00:00 0 
7f6f58021000-7f6f5c000000 ---p 00000000 00:00 0 
7f6f5c01b000-7f6f5c021000 r--s 00043000 fd:00 1188746                    /usr/lib/jvm/java-1.8.0-openjdk-1.8.0.111-5.b16.fc25.x86_64/jre/lib/ext/sunjce_provider.jar
7f6f5c021000-7f6f5c034000 r--s 00346000 fd:00 1061142                    /usr/lib/jvm/java-1.8.0-openjdk-1.8.0.111-5.b16.fc25.x86_64/jre/lib/resources.jar
7f6f5c034000-7f6f5c036000 r--s 00007000 fd:00 1188745                    /usr/lib/jvm/java-1.8.0-openjdk-1.8.0.111-5.b16.fc25.x86_64/jre/lib/ext/sunec.jar
7f6f5c036000-7f6f5cab4000 rw-p 00000000 00:00 0 
7f6f5cab4000-7f6f5cab5000 ---p 00000000 00:00 0 
7f6f5cab5000-7f6f5cbb5000 rw-p 00000000 00:00 0 
7f6f5cbb5000-7f6f5cbb6000 ---p 00000000 00:00 0 
7f6f5cbb6000-7f6f5ccb6000 rw-p 00000000 00:00 0 
7f6f5ccb6000-7f6f5ccb7000 ---p 00000000 00:00 0 
7f6f5ccb7000-7f6f5cdb7000 rw-p 00000000 00:00 0 
7f6f5cdb7000-7f6f5cdb8000 ---p 00000000 00:00 0 
7f6f5cdb8000-7f6f5cf8e000 rw-p 00000000 00:00 0 
7f6f5cf8e000-7f6f5d000000 ---p 00000000 00:00 0 
7f6f5d000000-7f6f5d3e0000 rwxp 00000000 00:00 0 
7f6f5d3e0000-7f6f6c000000 ---p 00000000 00:00 0 
7f6f6c000000-7f6f6c440000 rw-p 00000000 00:00 0 
7f6f6c440000-7f6f70000000 ---p 00000000 00:00 0 
7f6f70000000-7f6f7018e000 rw-p 00000000 00:00 0 
7f6f7018e000-7f6f70200000 ---p 00000000 00:00 0 
7f6f70200000-7f6f70212000 rw-p 00000000 00:00 0 
7f6f70212000-7f6f702a4000 ---p 00000000 00:00 0 
7f6f702a4000-7f6f702b5000 rw-p 00000000 00:00 0 
7f6f702b5000-7f6f70665000 ---p 00000000 00:00 0 
7f6f70665000-7f6f7066d000 r-xp 00000000 fd:00 1189290                    /usr/lib/jvm/java-1.8.0-openjdk-1.8.0.111-5.b16.fc25.x86_64/jre/lib/amd64/libzip.so
7f6f7066d000-7f6f7086c000 ---p 00008000 fd:00 1189290                    /usr/lib/jvm/java-1.8.0-openjdk-1.8.0.111-5.b16.fc25.x86_64/jre/lib/amd64/libzip.so
7f6f7086c000-7f6f7086d000 r--p 00007000 fd:00 1189290                    /usr/lib/jvm/java-1.8.0-openjdk-1.8.0.111-5.b16.fc25.x86_64/jre/lib/amd64/libzip.so
7f6f7086d000-7f6f7086e000 rw-p 00000000 00:00 0 
7f6f7086e000-7f6f70878000 r-xp 00000000 fd:00 924860                     /usr/lib64/libnss_files-2.24.so
7f6f70878000-7f6f70a78000 ---p 0000a000 fd:00 924860                     /usr/lib64/libnss_files-2.24.so
7f6f70a78000-7f6f70a79000 r--p 0000a000 fd:00 924860                     /usr/lib64/libnss_files-2.24.so
7f6f70a79000-7f6f70a7a000 rw-p 0000b000 fd:00 924860                     /usr/lib64/libnss_files-2.24.so
7f6f70a7a000-7f6f70a80000 rw-p 00000000 00:00 0 
7f6f70a80000-7f6f70aad000 r-xp 00000000 fd:00 1189262                    /usr/lib/jvm/java-1.8.0-openjdk-1.8.0.111-5.b16.fc25.x86_64/jre/lib/amd64/libjava.so
7f6f70aad000-7f6f70cad000 ---p 0002d000 fd:00 1189262                    /usr/lib/jvm/java-1.8.0-openjdk-1.8.0.111-5.b16.fc25.x86_64/jre/lib/amd64/libjava.so
7f6f70cad000-7f6f70cae000 r--p 0002d000 fd:00 1189262                    /usr/lib/jvm/java-1.8.0-openjdk-1.8.0.111-5.b16.fc25.x86_64/jre/lib/amd64/libjava.so
7f6f70cae000-7f6f70caf000 rw-p 0002e000 fd:00 1189262                    /usr/lib/jvm/java-1.8.0-openjdk-1.8.0.111-5.b16.fc25.x86_64/jre/lib/amd64/libjava.so
7f6f70caf000-7f6f70cb0000 rw-p 00000000 00:00 0 
7f6f70cb0000-7f6f70cbd000 r-xp 00000000 fd:00 1189289                    /usr/lib/jvm/java-1.8.0-openjdk-1.8.0.111-5.b16.fc25.x86_64/jre/lib/amd64/libverify.so
7f6f70cbd000-7f6f70ebc000 ---p 0000d000 fd:00 1189289                    /usr/lib/jvm/java-1.8.0-openjdk-1.8.0.111-5.b16.fc25.x86_64/jre/lib/amd64/libverify.so
7f6f70ebc000-7f6f70ebe000 r--p 0000c000 fd:00 1189289                    /usr/lib/jvm/java-1.8.0-openjdk-1.8.0.111-5.b16.fc25.x86_64/jre/lib/amd64/libverify.so
7f6f70ebe000-7f6f70ebf000 rw-p 00000000 00:00 0 
7f6f70ebf000-7f6f70ec6000 r-xp 00000000 fd:00 924866                     /usr/lib64/librt-2.24.so
7f6f70ec6000-7f6f710c5000 ---p 00007000 fd:00 924866                     /usr/lib64/librt-2.24.so
7f6f710c5000-7f6f710c6000 r--p 00006000 fd:00 924866                     /usr/lib64/librt-2.24.so
7f6f710c6000-7f6f710c7000 rw-p 00007000 fd:00 924866                     /usr/lib64/librt-2.24.so
7f6f710c7000-7f6f710dd000 r-xp 00000000 fd:00 924877                     /usr/lib64/libgcc_s-6.3.1-20161221.so.1
7f6f710dd000-7f6f712dc000 ---p 00016000 fd:00 924877                     /usr/lib64/libgcc_s-6.3.1-20161221.so.1
7f6f712dc000-7f6f712dd000 r--p 00015000 fd:00 924877                     /usr/lib64/libgcc_s-6.3.1-20161221.so.1
7f6f712dd000-7f6f712de000 rw-p 00016000 fd:00 924877                     /usr/lib64/libgcc_s-6.3.1-20161221.so.1
7f6f712de000-7f6f713e6000 r-xp 00000000 fd:00 924852                     /usr/lib64/libm-2.24.so
7f6f713e6000-7f6f715e5000 ---p 00108000 fd:00 924852                     /usr/lib64/libm-2.24.so
7f6f715e5000-7f6f715e6000 r--p 00107000 fd:00 924852                     /usr/lib64/libm-2.24.so
7f6f715e6000-7f6f715e7000 rw-p 00108000 fd:00 924852                     /usr/lib64/libm-2.24.so
7f6f715e7000-7f6f7175f000 r-xp 00000000 fd:00 924880                     /usr/lib64/libstdc++.so.6.0.22
7f6f7175f000-7f6f7195f000 ---p 00178000 fd:00 924880                     /usr/lib64/libstdc++.so.6.0.22
7f6f7195f000-7f6f71969000 r--p 00178000 fd:00 924880                     /usr/lib64/libstdc++.so.6.0.22
7f6f71969000-7f6f7196b000 rw-p 00182000 fd:00 924880                     /usr/lib64/libstdc++.so.6.0.22
7f6f7196b000-7f6f7196f000 rw-p 00000000 00:00 0 
7f6f7196f000-7f6f72608000 r-xp 00000000 fd:00 1189296                    /usr/lib/jvm/java-1.8.0-openjdk-1.8.0.111-5.b16.fc25.x86_64/jre/lib/amd64/server/libjvm.so
7f6f72608000-7f6f72807000 ---p 00c99000 fd:00 1189296                    /usr/lib/jvm/java-1.8.0-openjdk-1.8.0.111-5.b16.fc25.x86_64/jre/lib/amd64/server/libjvm.so
7f6f72807000-7f6f7289d000 r--p 00c98000 fd:00 1189296                    /usr/lib/jvm/java-1.8.0-openjdk-1.8.0.111-5.b16.fc25.x86_64/jre/lib/amd64/server/libjvm.so
7f6f7289d000-7f6f728c6000 rw-p 00d2e000 fd:00 1189296                    /usr/lib/jvm/java-1.8.0-openjdk-1.8.0.111-5.b16.fc25.x86_64/jre/lib/amd64/server/libjvm.so
7f6f728c6000-7f6f728f6000 rw-p 00000000 00:00 0 
7f6f728f6000-7f6f72ab3000 r-xp 00000000 fd:00 924846                     /usr/lib64/libc-2.24.so
7f6f72ab3000-7f6f72cb2000 ---p 001bd000 fd:00 924846                     /usr/lib64/libc-2.24.so
7f6f72cb2000-7f6f72cb6000 r--p 001bc000 fd:00 924846                     /usr/lib64/libc-2.24.so
7f6f72cb6000-7f6f72cb8000 rw-p 001c0000 fd:00 924846                     /usr/lib64/libc-2.24.so
7f6f72cb8000-7f6f72cbc000 rw-p 00000000 00:00 0 
7f6f72cbc000-7f6f72cbf000 r-xp 00000000 fd:00 924850                     /usr/lib64/libdl-2.24.so
7f6f72cbf000-7f6f72ebe000 ---p 00003000 fd:00 924850                     /usr/lib64/libdl-2.24.so
7f6f72ebe000-7f6f72ebf000 r--p 00002000 fd:00 924850                     /usr/lib64/libdl-2.24.so
7f6f72ebf000-7f6f72ec0000 rw-p 00003000 fd:00 924850                     /usr/lib64/libdl-2.24.so
7f6f72ec0000-7f6f72ecd000 r-xp 00000000 fd:00 1189241                    /usr/lib/jvm/java-1.8.0-openjdk-1.8.0.111-5.b16.fc25.x86_64/jre/lib/amd64/jli/libjli.so
7f6f72ecd000-7f6f730cd000 ---p 0000d000 fd:00 1189241                    /usr/lib/jvm/java-1.8.0-openjdk-1.8.0.111-5.b16.fc25.x86_64/jre/lib/amd64/jli/libjli.so
7f6f730cd000-7f6f730ce000 r--p 0000d000 fd:00 1189241                    /usr/lib/jvm/java-1.8.0-openjdk-1.8.0.111-5.b16.fc25.x86_64/jre/lib/amd64/jli/libjli.so
7f6f730ce000-7f6f730cf000 rw-p 00000000 00:00 0 
7f6f730cf000-7f6f730e4000 r-xp 00000000 fd:00 927307                     /usr/lib64/libz.so.1.2.8
7f6f730e4000-7f6f732e3000 ---p 00015000 fd:00 927307                     /usr/lib64/libz.so.1.2.8
7f6f732e3000-7f6f732e4000 r--p 00014000 fd:00 927307                     /usr/lib64/libz.so.1.2.8
7f6f732e4000-7f6f732e5000 rw-p 00015000 fd:00 927307                     /usr/lib64/libz.so.1.2.8
7f6f732e5000-7f6f732fd000 r-xp 00000000 fd:00 924862                     /usr/lib64/libpthread-2.24.so
7f6f732fd000-7f6f734fd000 ---p 00018000 fd:00 924862                     /usr/lib64/libpthread-2.24.so
7f6f734fd000-7f6f734fe000 r--p 00018000 fd:00 924862                     /usr/lib64/libpthread-2.24.so
7f6f734fe000-7f6f734ff000 rw-p 00019000 fd:00 924862                     /usr/lib64/libpthread-2.24.so
7f6f734ff000-7f6f73503000 rw-p 00000000 00:00 0 
7f6f73503000-7f6f73528000 r-xp 00000000 fd:00 924451                     /usr/lib64/ld-2.24.so
7f6f73528000-7f6f7352c000 r--s 0003e000 fd:00 1188747                    /usr/lib/jvm/java-1.8.0-openjdk-1.8.0.111-5.b16.fc25.x86_64/jre/lib/ext/sunpkcs11.jar
7f6f7352c000-7f6f73530000 r--s 000b0000 fd:00 1061380                    /usr/lib/jvm/java-1.8.0-openjdk-1.8.0.111-5.b16.fc25.x86_64/jre/lib/jsse.jar
7f6f73530000-7f6f73600000 rw-p 00000000 00:00 0 
7f6f73600000-7f6f73603000 ---p 00000000 00:00 0 
7f6f73603000-7f6f73705000 rw-p 00000000 00:00 0 
7f6f73705000-7f6f73708000 r--s 00018000 fd:00 1061377                    /usr/lib/jvm/java-1.8.0-openjdk-1.8.0.111-5.b16.fc25.x86_64/jre/lib/jce.jar
7f6f73708000-7f6f7371c000 rw-p 00000000 00:00 0 
7f6f7371c000-7f6f73724000 rw-s 00000000 00:28 91983                      /tmp/hsperfdata_sguryev/5523
7f6f73724000-7f6f73725000 rw-p 00000000 00:00 0 
7f6f73725000-7f6f73726000 r--p 00000000 00:00 0 
7f6f73726000-7f6f73728000 rw-p 00000000 00:00 0 
7f6f73728000-7f6f73729000 r--p 00025000 fd:00 924451                     /usr/lib64/ld-2.24.so
7f6f73729000-7f6f7372a000 rw-p 00026000 fd:00 924451                     /usr/lib64/ld-2.24.so
7f6f7372a000-7f6f7372b000 rw-p 00000000 00:00 0 
7fffe08d6000-7fffe08f8000 rw-p 00000000 00:00 0                          [stack]
7fffe0986000-7fffe0988000 r--p 00000000 00:00 0                          [vvar]
7fffe0988000-7fffe098a000 r-xp 00000000 00:00 0                          [vdso]
ffffffffff600000-ffffffffff601000 r-xp 00000000 00:00 0                  [vsyscall]

VM Arguments:
jvm_args: -Xbootclasspath/a:/home/sguryev/.lein/self-installs/leiningen-2.7.1-standalone.jar -Dfile.encoding=UTF-8 -Dmaven.wagon.http.ssl.easy=false -Dmaven.wagon.rto=10000 -XX:+TieredCompilation -XX:TieredStopAtLevel=1 -Dleiningen.original.pwd=/home/sguryev/Projects/Sandbox/Clojure/clojure-noob -Dleiningen.script=/usr/bin/lein 
java_command: clojure.main -m leiningen.core.main repl
java_class_path (initial): /home/sguryev/.lein/self-installs/leiningen-2.7.1-standalone.jar
Launcher Type: SUN_STANDARD

Environment Variables:
CLASSPATH=/home/sguryev/.lein/self-installs/leiningen-2.7.1-standalone.jar
PATH=/home/sguryev/Apps:/home/sguryev/.rbenv/plugins/ruby-build/bin:/home/sguryev/.rbenv/shims:/home/sguryev/.rbenv/bin:/home/sguryev/Apps:/home/sguryev/.rbenv/plugins/ruby-build/bin:/home/sguryev/.rbenv/shims:/home/sguryev/.rbenv/bin:/usr/lib64/qt-3.3/bin:/usr/local/bin:/usr/local/sbin:/usr/bin:/usr/sbin:/home/sguryev/.local/bin:/home/sguryev/bin:/usr/local/go/bin:/usr/lib/node_modules/phantomjs/bin:/home/sguryev/.local/bin:/home/sguryev/bin:/usr/local/go/bin:/usr/lib/node_modules/phantomjs/bin
USERNAME=sguryev
SHELL=/bin/bash
DISPLAY=:0

Signal Handlers:
SIGSEGV: [libjvm.so+0xaa2610], sa_mask[0]=11111111011111111101111111111110, sa_flags=SA_RESTART|SA_SIGINFO
SIGBUS: [libjvm.so+0xaa2610], sa_mask[0]=11111111011111111101111111111110, sa_flags=SA_RESTART|SA_SIGINFO
SIGFPE: [libjvm.so+0x8c6f10], sa_mask[0]=11111111011111111101111111111110, sa_flags=SA_RESTART|SA_SIGINFO
SIGPIPE: SIG_IGN, sa_mask[0]=00000000000000000000000000000000, sa_flags=none
SIGXFSZ: [libjvm.so+0x8c6f10], sa_mask[0]=11111111011111111101111111111110, sa_flags=SA_RESTART|SA_SIGINFO
SIGILL: [libjvm.so+0x8c6f10], sa_mask[0]=11111111011111111101111111111110, sa_flags=SA_RESTART|SA_SIGINFO
SIGUSR1: SIG_DFL, sa_mask[0]=00000000000000000000000000000000, sa_flags=none
SIGUSR2: [libjvm.so+0x8c6dc0], sa_mask[0]=00000000000000000000000000000000, sa_flags=SA_RESTART|SA_SIGINFO
SIGHUP: [libjvm.so+0x8c7270], sa_mask[0]=11111111011111111101111111111110, sa_flags=SA_RESTART|SA_SIGINFO
SIGINT: [libjvm.so+0x8c7270], sa_mask[0]=11111111011111111101111111111110, sa_flags=SA_RESTART|SA_SIGINFO
SIGTERM: [libjvm.so+0x8c7270], sa_mask[0]=11111111011111111101111111111110, sa_flags=SA_RESTART|SA_SIGINFO
SIGQUIT: [libjvm.so+0x8c7270], sa_mask[0]=11111111011111111101111111111110, sa_flags=SA_RESTART|SA_SIGINFO


---------------  S Y S T E M  ---------------

OS:Fedora release 25 (Twenty Five)

uname:Linux 4.9.5-200.fc25.x86_64 #1 SMP Fri Jan 20 12:24:16 UTC 2017 x86_64
libc:glibc 2.24 NPTL 2.24 
rlimit: STACK 8192k, CORE 0k, NPROC 15617, NOFILE 4096, AS infinity
load average:0.27 0.15 0.24

/proc/meminfo:
MemTotal:        4023684 kB
MemFree:          373336 kB
MemAvailable:    1099328 kB
Buffers:          191380 kB
Cached:           757580 kB
SwapCached:            0 kB
Active:          2515348 kB
Inactive:         733348 kB
Active(anon):    2051360 kB
Inactive(anon):   328832 kB
Active(file):     463988 kB
Inactive(file):   404516 kB
Unevictable:         416 kB
Mlocked:             416 kB
SwapTotal:       5242876 kB
SwapFree:        5240320 kB
Dirty:                12 kB
Writeback:             0 kB
AnonPages:       2300232 kB
Mapped:           464564 kB
Shmem:             80464 kB
Slab:             191176 kB
SReclaimable:     123016 kB
SUnreclaim:        68160 kB
KernelStack:       12512 kB
PageTables:        63596 kB
NFS_Unstable:          0 kB
Bounce:                0 kB
WritebackTmp:          0 kB
CommitLimit:     7254716 kB
Committed_AS:    9257664 kB
VmallocTotal:   34359738367 kB
VmallocUsed:           0 kB
VmallocChunk:          0 kB
HardwareCorrupted:     0 kB
AnonHugePages:         0 kB
ShmemHugePages:        0 kB
ShmemPmdMapped:        0 kB
CmaTotal:              0 kB
CmaFree:               0 kB
HugePages_Total:       0
HugePages_Free:        0
HugePages_Rsvd:        0
HugePages_Surp:        0
Hugepagesize:       2048 kB
DirectMap4k:      302420 kB
DirectMap2M:     3868672 kB


CPU:total 4 (4 cores per cpu, 1 threads per core) family 6 model 42 stepping 7, cmov, cx8, fxsr, mmx, sse, sse2, sse3, ssse3, sse4.1, sse4.2, popcnt, avx, aes, clmul, tsc, tscinvbit

/proc/cpuinfo:
processor	: 0
vendor_id	: GenuineIntel
cpu family	: 6
model		: 42
model name	: Intel(R) Core(TM) i5-2320 CPU @ 3.00GHz
stepping	: 7
microcode	: 0x29
cpu MHz		: 3199.951
cache size	: 6144 KB
physical id	: 0
siblings	: 4
core id		: 0
cpu cores	: 4
apicid		: 0
initial apicid	: 0
fpu		: yes
fpu_exception	: yes
cpuid level	: 13
wp		: yes
flags		: fpu vme de pse tsc msr pae mce cx8 apic sep mtrr pge mca cmov pat pse36 clflush dts acpi mmx fxsr sse sse2 ss ht tm pbe syscall nx rdtscp lm constant_tsc arch_perfmon pebs bts rep_good nopl xtopology nonstop_tsc aperfmperf eagerfpu pni pclmulqdq dtes64 monitor ds_cpl vmx est tm2 ssse3 cx16 xtpr pdcm pcid sse4_1 sse4_2 popcnt tsc_deadline_timer aes xsave avx lahf_lm epb tpr_shadow vnmi flexpriority ept vpid xsaveopt dtherm ida arat pln pts
bugs		:
bogomips	: 6019.15
clflush size	: 64
cache_alignment	: 64
address sizes	: 36 bits physical, 48 bits virtual
power management:

processor	: 1
vendor_id	: GenuineIntel
cpu family	: 6
model		: 42
model name	: Intel(R) Core(TM) i5-2320 CPU @ 3.00GHz
stepping	: 7
microcode	: 0x29
cpu MHz		: 3299.377
cache size	: 6144 KB
physical id	: 0
siblings	: 4
core id		: 1
cpu cores	: 4
apicid		: 2
initial apicid	: 2
fpu		: yes
fpu_exception	: yes
cpuid level	: 13
wp		: yes
flags		: fpu vme de pse tsc msr pae mce cx8 apic sep mtrr pge mca cmov pat pse36 clflush dts acpi mmx fxsr sse sse2 ss ht tm pbe syscall nx rdtscp lm constant_tsc arch_perfmon pebs bts rep_good nopl xtopology nonstop_tsc aperfmperf eagerfpu pni pclmulqdq dtes64 monitor ds_cpl vmx est tm2 ssse3 cx16 xtpr pdcm pcid sse4_1 sse4_2 popcnt tsc_deadline_timer aes xsave avx lahf_lm epb tpr_shadow vnmi flexpriority ept vpid xsaveopt dtherm ida arat pln pts
bugs		:
bogomips	: 6022.87
clflush size	: 64
cache_alignment	: 64
address sizes	: 36 bits physical, 48 bits virtual
power management:

processor	: 2
vendor_id	: GenuineIntel
cpu family	: 6
model		: 42
model name	: Intel(R) Core(TM) i5-2320 CPU @ 3.00GHz
stepping	: 7
microcode	: 0x29
cpu MHz		: 2638.732
cache size	: 6144 KB
physical id	: 0
siblings	: 4
core id		: 2
cpu cores	: 4
apicid		: 4
initial apicid	: 4
fpu		: yes
fpu_exception	: yes
cpuid level	: 13
wp		: yes
flags		: fpu vme de pse tsc msr pae mce cx8 apic sep mtrr pge mca cmov pat pse36 clflush dts acpi mmx fxsr sse sse2 ss ht tm pbe syscall nx rdtscp lm constant_tsc arch_perfmon pebs bts rep_good nopl xtopology nonstop_tsc aperfmperf eagerfpu pni pclmulqdq dtes64 monitor ds_cpl vmx est tm2 ssse3 cx16 xtpr pdcm pcid sse4_1 sse4_2 popcnt tsc_deadline_timer aes xsave avx lahf_lm epb tpr_shadow vnmi flexpriority ept vpid xsaveopt dtherm ida arat pln pts
bugs		:
bogomips	: 6023.18
clflush size	: 64
cache_alignment	: 64
address sizes	: 36 bits physical, 48 bits virtual
power management:

processor	: 3
vendor_id	: GenuineIntel
cpu family	: 6
model		: 42
model name	: Intel(R) Core(TM) i5-2320 CPU @ 3.00GHz
stepping	: 7
microcode	: 0x29
cpu MHz		: 2699.157
cache size	: 6144 KB
physical id	: 0
siblings	: 4
core id		: 3
cpu cores	: 4
apicid		: 6
initial apicid	: 6
fpu		: yes
fpu_exception	: yes
cpuid level	: 13
wp		: yes
flags		: fpu vme de pse tsc msr pae mce cx8 apic sep mtrr pge mca cmov pat pse36 clflush dts acpi mmx fxsr sse sse2 ss ht tm pbe syscall nx rdtscp lm constant_tsc arch_perfmon pebs bts rep_good nopl xtopology nonstop_tsc aperfmperf eagerfpu pni pclmulqdq dtes64 monitor ds_cpl vmx est tm2 ssse3 cx16 xtpr pdcm pcid sse4_1 sse4_2 popcnt tsc_deadline_timer aes xsave avx lahf_lm epb tpr_shadow vnmi flexpriority ept vpid xsaveopt dtherm ida arat pln pts
bugs		:
bogomips	: 6023.22
clflush size	: 64
cache_alignment	: 64
address sizes	: 36 bits physical, 48 bits virtual
power management:



Memory: 4k page, physical 4023684k(373336k free), swap 5242876k(5240320k free)

vm_info: OpenJDK 64-Bit Server VM (25.111-b16) for linux-amd64 JRE (1.8.0_111-b16), built on Jan 10 2017 15:12:25 by "mockbuild" with gcc 6.3.1 20161221 (Red Hat 6.3.1-1)

time: Thu Mar  9 13:57:08 2017
elapsed time: 1 seconds (0d 0h 0m 1s)

