#
# A fatal error has been detected by the Java Runtime Environment:
#
#  SIGSEGV (0xb) at pc=0x00007f326186db84, pid=4212, tid=0x00007f3239a4b700
#
# JRE version: OpenJDK Runtime Environment (8.0_111-b16) (build 1.8.0_111-b16)
# Java VM: OpenJDK 64-Bit Server VM (25.111-b16 mixed mode linux-amd64 compressed oops)
# Problematic frame:
# C  [libc.so.6+0x90b84]  __memcpy_sse2_unaligned_erms+0x1a4
#
# Failed to write core dump. Core dumps have been disabled. To enable core dumping, try "ulimit -c unlimited" before starting Java again
#
# If you would like to submit a bug report, please visit:
#   http://bugreport.java.com/bugreport/crash.jsp
#

---------------  T H R E A D  ---------------

Current thread (0x00007f325841e000):  JavaThread "pool-1-thread-1" [_thread_in_vm, id=4227, stack(0x00007f323994b000,0x00007f3239a4c000)]

siginfo: si_signo: 11 (SIGSEGV), si_code: 1 (SEGV_MAPERR), si_addr: 0x0000000000000000

Registers:
RAX=0x00000000c2c67ea0, RBX=0x00007f325841e000, RCX=0x00000000c0100800, RDX=0x00000000080baaf8
RSP=0x00007f3239a495f8, RBP=0x00007f3239a49670, RSI=0x0000000000000000, RDI=0x00000000c2c67ea0
R8 =0x0000000000000000, R9 =0x00007f32617b6d81, R10=0x00007f3258017140, R11=0x0000000000000206
R12=0x00000000080baaf8, R13=0x0000000000000000, R14=0x00007f3208000a40, R15=0x00007f325841e258
RIP=0x00007f326186db84, EFLAGS=0x0000000000010206, CSGSFS=0x002b000000000033, ERR=0x0000000000000004
  TRAPNO=0x000000000000000e

Top of Stack: (sp=0x00007f3239a495f8)
0x00007f3239a495f8:   00007f3260eddaba 0000000000000000
0x00007f3239a49608:   0000000000000000 00007f325841e000
0x00007f3239a49618:   0000000000000000 00007f325841e000
0x00007f3239a49628:   0000000000000000 0000000000000000
0x00007f3239a49638:   dd4d4150d4604c00 00007f325841e000
0x00007f3239a49648:   00007f325841e258 00007f3208000a40
0x00007f3239a49658:   00007f32080ba990 00007f3239a497b8
0x00007f3239a49668:   0000000000000042 00007f3239a496a0
0x00007f3239a49678:   00007f323b0e3230 00007f3208089070
0x00007f3239a49688:   00007f325841e258 00007f3208089070
0x00007f3239a49698:   00007f3208000a38 00007f3239a49720
0x00007f3239a496a8:   00007f323b0e339a 00007f325841e000
0x00007f3239a496b8:   0000004239861ed0 00007f32080ba880
0x00007f3239a496c8:   00007f32080b9f70 00007f3239861ed0
0x00007f3239a496d8:   00007f32080b7460 000000000000000a
0x00007f3239a496e8:   dd4d4150d4604c00 00007f3239a497c0
0x00007f3239a496f8:   00007f3239861ed0 0000000000000000
0x00007f3239a49708:   00007f3239861ec8 00007f3239a497c0
0x00007f3239a49718:   00007f325841e000 00007f3239a49790
0x00007f3239a49728:   00007f3249017754 00007f3239a49790
0x00007f3239a49738:   00007f32490174d9 fffffffe00000000
0x00007f3239a49748:   00007f32490174a2 00007f3239a49750
0x00007f3239a49758:   00007f3239861ec8 00007f3239a497c0
0x00007f3239a49768:   00007f3239861f38 0000000000000000
0x00007f3239a49778:   00007f3239861ed0 0000000000000000
0x00007f3239a49788:   00007f3239a497b0 00007f3239a49808
0x00007f3239a49798:   00007f3249007d80 00000000ec2f80a0
0x00007f3239a497a8:   00007f324901127b 00000000ec5d35c0
0x00007f3239a497b8:   00000000ec5d35a0 0000000000000100
0x00007f3239a497c8:   00007f3239a497c8 00007f3239861c40
0x00007f3239a497d8:   00007f3239a49850 00007f3239861f38
0x00007f3239a497e8:   0000000000000000 00007f3239861d38 

Instructions: (pc=0x00007f326186db84)
0x00007f326186db64:   30 48 83 c7 40 48 83 fa 40 77 d0 0f 11 29 0f 11
0x00007f326186db74:   71 f0 0f 11 79 e0 44 0f 11 41 d0 41 0f 11 23 c3
0x00007f326186db84:   0f 10 26 0f 10 6e 10 0f 10 76 20 0f 10 7e 30 44
0x00007f326186db94:   0f 10 44 16 f0 4c 8d 5c 17 f0 48 8d 4c 16 f0 4d 

Register to memory mapping:

RAX=0x00000000c2c67ea0 is pointing into object: 0x00000000c2c67e90
[B 
 - klass: {type array byte}
 - length: 134982392
RBX=0x00007f325841e000 is a thread
RCX=0x00000000c0100800 is an unknown value
RDX=0x00000000080baaf8 is an unknown value
RSP=0x00007f3239a495f8 is pointing into the stack for thread: 0x00007f325841e000
RBP=0x00007f3239a49670 is pointing into the stack for thread: 0x00007f325841e000
RSI=0x0000000000000000 is an unknown value
RDI=0x00000000c2c67ea0 is pointing into object: 0x00000000c2c67e90
[B 
 - klass: {type array byte}
 - length: 134982392
R8 =0x0000000000000000 is an unknown value
R9 =0x00007f32617b6d81: <offset 0xf60d81> in /usr/lib/jvm/java-1.8.0-openjdk-1.8.0.111-5.b16.fc25.x86_64/jre/lib/amd64/server/libjvm.so at 0x00007f3260856000
R10=0x00007f3258017140 is an unknown value
R11=0x0000000000000206 is an unknown value
R12=0x00000000080baaf8 is an unknown value
R13=0x0000000000000000 is an unknown value
R14=0x00007f3208000a40 is an unknown value
R15=0x00007f325841e258 is an unknown value


Stack: [0x00007f323994b000,0x00007f3239a4c000],  sp=0x00007f3239a495f8,  free space=1017k
Native frames: (J=compiled Java code, j=interpreted, Vv=VM code, C=native code)
C  [libc.so.6+0x90b84]  __memcpy_sse2_unaligned_erms+0x1a4
C  [libsunec.so+0x1230]
C  [libsunec.so+0x139a]  Java_sun_security_ec_ECKeyPairGenerator_generateECKeyPair+0x12a
j  sun.security.ec.ECKeyPairGenerator.generateECKeyPair(I[B[B)[Ljava/lang/Object;+0
j  sun.security.ec.ECKeyPairGenerator.generateKeyPair()Ljava/security/KeyPair;+56
j  java.security.KeyPairGenerator$Delegate.generateKeyPair()Ljava/security/KeyPair;+23
j  sun.security.ssl.ECDHCrypt.<init>(Ljava/security/spec/ECParameterSpec;Ljava/security/SecureRandom;)V+17
j  sun.security.ssl.ClientHandshaker.serverKeyExchange(Lsun/security/ssl/HandshakeMessage$ECDH_ServerKeyExchange;)V+44
j  sun.security.ssl.ClientHandshaker.processMessage(BI)V+582
j  sun.security.ssl.Handshaker.processLoop()V+96
j  sun.security.ssl.Handshaker.process_record(Lsun/security/ssl/InputRecord;Z)V+24
j  sun.security.ssl.SSLSocketImpl.readRecord(Lsun/security/ssl/InputRecord;Z)V+357
j  sun.security.ssl.SSLSocketImpl.performInitialHandshake()V+84
j  sun.security.ssl.SSLSocketImpl.startHandshake(Z)V+13
j  sun.security.ssl.SSLSocketImpl.startHandshake()V+2
j  org.apache.http.conn.ssl.SSLConnectionSocketFactory.createLayeredSocket(Ljava/net/Socket;Ljava/lang/String;ILorg/apache/http/protocol/HttpContext;)Ljava/net/Socket;+258
j  org.apache.http.conn.ssl.SSLConnectionSocketFactory.connectSocket(ILjava/net/Socket;Lorg/apache/http/HttpHost;Ljava/net/InetSocketAddress;Ljava/net/InetSocketAddress;Lorg/apache/http/protocol/HttpContext;)Ljava/net/Socket;+195
j  org.apache.http.impl.conn.DefaultHttpClientConnectionOperator.connect(Lorg/apache/http/conn/ManagedHttpClientConnection;Lorg/apache/http/HttpHost;Ljava/net/InetSocketAddress;ILorg/apache/http/config/SocketConfig;Lorg/apache/http/protocol/HttpContext;)V+287
j  org.apache.http.impl.conn.PoolingHttpClientConnectionManager.connect(Lorg/apache/http/HttpClientConnection;Lorg/apache/http/conn/routing/HttpRoute;ILorg/apache/http/protocol/HttpContext;)V+127
j  org.apache.http.impl.execchain.MainClientExec.establishRoute(Lorg/apache/http/auth/AuthState;Lorg/apache/http/HttpClientConnection;Lorg/apache/http/conn/routing/HttpRoute;Lorg/apache/http/HttpRequest;Lorg/apache/http/client/protocol/HttpClientContext;)V+107
j  org.apache.http.impl.execchain.MainClientExec.execute(Lorg/apache/http/conn/routing/HttpRoute;Lorg/apache/http/client/methods/HttpRequestWrapper;Lorg/apache/http/client/protocol/HttpClientContext;Lorg/apache/http/client/methods/HttpExecutionAware;)Lorg/apache/http/client/methods/CloseableHttpResponse;+438
j  org.apache.http.impl.execchain.ProtocolExec.execute(Lorg/apache/http/conn/routing/HttpRoute;Lorg/apache/http/client/methods/HttpRequestWrapper;Lorg/apache/http/client/protocol/HttpClientContext;Lorg/apache/http/client/methods/HttpExecutionAware;)Lorg/apache/http/client/methods/CloseableHttpResponse;+447
j  org.apache.http.impl.execchain.RetryExec.execute(Lorg/apache/http/conn/routing/HttpRoute;Lorg/apache/http/client/methods/HttpRequestWrapper;Lorg/apache/http/client/protocol/HttpClientContext;Lorg/apache/http/client/methods/HttpExecutionAware;)Lorg/apache/http/client/methods/CloseableHttpResponse;+39
j  org.apache.http.impl.execchain.RedirectExec.execute(Lorg/apache/http/conn/routing/HttpRoute;Lorg/apache/http/client/methods/HttpRequestWrapper;Lorg/apache/http/client/protocol/HttpClientContext;Lorg/apache/http/client/methods/HttpExecutionAware;)Lorg/apache/http/client/methods/CloseableHttpResponse;+85
j  org.apache.http.impl.client.InternalHttpClient.doExecute(Lorg/apache/http/HttpHost;Lorg/apache/http/HttpRequest;Lorg/apache/http/protocol/HttpContext;)Lorg/apache/http/client/methods/CloseableHttpResponse;+168
j  org.apache.http.impl.client.CloseableHttpClient.execute(Lorg/apache/http/client/methods/HttpUriRequest;Lorg/apache/http/protocol/HttpContext;)Lorg/apache/http/client/methods/CloseableHttpResponse;+14
j  org.apache.maven.wagon.providers.http.AbstractHttpClientWagon.execute(Lorg/apache/http/client/methods/HttpUriRequest;)Lorg/apache/http/client/methods/CloseableHttpResponse;+426
j  org.apache.maven.wagon.providers.http.AbstractHttpClientWagon.fillInputData(ILorg/apache/maven/wagon/InputData;)V+178
j  org.apache.maven.wagon.providers.http.AbstractHttpClientWagon.fillInputData(Lorg/apache/maven/wagon/InputData;)V+6
j  org.apache.maven.wagon.StreamWagon.getInputStream(Lorg/apache/maven/wagon/resource/Resource;)Ljava/io/InputStream;+15
j  org.apache.maven.wagon.StreamWagon.getIfNewer(Ljava/lang/String;Ljava/io/File;J)Z+29
j  org.apache.maven.wagon.StreamWagon.get(Ljava/lang/String;Ljava/io/File;)V+4
j  org.sonatype.aether.connector.wagon.WagonRepositoryConnector$GetTask.run()V+285
j  org.sonatype.aether.util.concurrency.RunnableErrorForwarder$1.run()V+4
j  java.util.concurrent.ThreadPoolExecutor.runWorker(Ljava/util/concurrent/ThreadPoolExecutor$Worker;)V+95
j  java.util.concurrent.ThreadPoolExecutor$Worker.run()V+5
j  java.lang.Thread.run()V+11
v  ~StubRoutines::call_stub
V  [libjvm.so+0x670573]
V  [libjvm.so+0x66dae7]
V  [libjvm.so+0x66e0c7]
V  [libjvm.so+0x6b1734]
V  [libjvm.so+0xa46a3b]
V  [libjvm.so+0xa46f1f]
V  [libjvm.so+0x8c8c82]
C  [libpthread.so.0+0x76ca]  start_thread+0xca

Java frames: (J=compiled Java code, j=interpreted, Vv=VM code)
j  sun.security.ec.ECKeyPairGenerator.generateECKeyPair(I[B[B)[Ljava/lang/Object;+0
j  sun.security.ec.ECKeyPairGenerator.generateKeyPair()Ljava/security/KeyPair;+56
j  java.security.KeyPairGenerator$Delegate.generateKeyPair()Ljava/security/KeyPair;+23
j  sun.security.ssl.ECDHCrypt.<init>(Ljava/security/spec/ECParameterSpec;Ljava/security/SecureRandom;)V+17
j  sun.security.ssl.ClientHandshaker.serverKeyExchange(Lsun/security/ssl/HandshakeMessage$ECDH_ServerKeyExchange;)V+44
j  sun.security.ssl.ClientHandshaker.processMessage(BI)V+582
j  sun.security.ssl.Handshaker.processLoop()V+96
j  sun.security.ssl.Handshaker.process_record(Lsun/security/ssl/InputRecord;Z)V+24
j  sun.security.ssl.SSLSocketImpl.readRecord(Lsun/security/ssl/InputRecord;Z)V+357
j  sun.security.ssl.SSLSocketImpl.performInitialHandshake()V+84
j  sun.security.ssl.SSLSocketImpl.startHandshake(Z)V+13
j  sun.security.ssl.SSLSocketImpl.startHandshake()V+2
j  org.apache.http.conn.ssl.SSLConnectionSocketFactory.createLayeredSocket(Ljava/net/Socket;Ljava/lang/String;ILorg/apache/http/protocol/HttpContext;)Ljava/net/Socket;+258
j  org.apache.http.conn.ssl.SSLConnectionSocketFactory.connectSocket(ILjava/net/Socket;Lorg/apache/http/HttpHost;Ljava/net/InetSocketAddress;Ljava/net/InetSocketAddress;Lorg/apache/http/protocol/HttpContext;)Ljava/net/Socket;+195
j  org.apache.http.impl.conn.DefaultHttpClientConnectionOperator.connect(Lorg/apache/http/conn/ManagedHttpClientConnection;Lorg/apache/http/HttpHost;Ljava/net/InetSocketAddress;ILorg/apache/http/config/SocketConfig;Lorg/apache/http/protocol/HttpContext;)V+287
j  org.apache.http.impl.conn.PoolingHttpClientConnectionManager.connect(Lorg/apache/http/HttpClientConnection;Lorg/apache/http/conn/routing/HttpRoute;ILorg/apache/http/protocol/HttpContext;)V+127
j  org.apache.http.impl.execchain.MainClientExec.establishRoute(Lorg/apache/http/auth/AuthState;Lorg/apache/http/HttpClientConnection;Lorg/apache/http/conn/routing/HttpRoute;Lorg/apache/http/HttpRequest;Lorg/apache/http/client/protocol/HttpClientContext;)V+107
j  org.apache.http.impl.execchain.MainClientExec.execute(Lorg/apache/http/conn/routing/HttpRoute;Lorg/apache/http/client/methods/HttpRequestWrapper;Lorg/apache/http/client/protocol/HttpClientContext;Lorg/apache/http/client/methods/HttpExecutionAware;)Lorg/apache/http/client/methods/CloseableHttpResponse;+438
j  org.apache.http.impl.execchain.ProtocolExec.execute(Lorg/apache/http/conn/routing/HttpRoute;Lorg/apache/http/client/methods/HttpRequestWrapper;Lorg/apache/http/client/protocol/HttpClientContext;Lorg/apache/http/client/methods/HttpExecutionAware;)Lorg/apache/http/client/methods/CloseableHttpResponse;+447
j  org.apache.http.impl.execchain.RetryExec.execute(Lorg/apache/http/conn/routing/HttpRoute;Lorg/apache/http/client/methods/HttpRequestWrapper;Lorg/apache/http/client/protocol/HttpClientContext;Lorg/apache/http/client/methods/HttpExecutionAware;)Lorg/apache/http/client/methods/CloseableHttpResponse;+39
j  org.apache.http.impl.execchain.RedirectExec.execute(Lorg/apache/http/conn/routing/HttpRoute;Lorg/apache/http/client/methods/HttpRequestWrapper;Lorg/apache/http/client/protocol/HttpClientContext;Lorg/apache/http/client/methods/HttpExecutionAware;)Lorg/apache/http/client/methods/CloseableHttpResponse;+85
j  org.apache.http.impl.client.InternalHttpClient.doExecute(Lorg/apache/http/HttpHost;Lorg/apache/http/HttpRequest;Lorg/apache/http/protocol/HttpContext;)Lorg/apache/http/client/methods/CloseableHttpResponse;+168
j  org.apache.http.impl.client.CloseableHttpClient.execute(Lorg/apache/http/client/methods/HttpUriRequest;Lorg/apache/http/protocol/HttpContext;)Lorg/apache/http/client/methods/CloseableHttpResponse;+14
j  org.apache.maven.wagon.providers.http.AbstractHttpClientWagon.execute(Lorg/apache/http/client/methods/HttpUriRequest;)Lorg/apache/http/client/methods/CloseableHttpResponse;+426
j  org.apache.maven.wagon.providers.http.AbstractHttpClientWagon.fillInputData(ILorg/apache/maven/wagon/InputData;)V+178
j  org.apache.maven.wagon.providers.http.AbstractHttpClientWagon.fillInputData(Lorg/apache/maven/wagon/InputData;)V+6
j  org.apache.maven.wagon.StreamWagon.getInputStream(Lorg/apache/maven/wagon/resource/Resource;)Ljava/io/InputStream;+15
j  org.apache.maven.wagon.StreamWagon.getIfNewer(Ljava/lang/String;Ljava/io/File;J)Z+29
j  org.apache.maven.wagon.StreamWagon.get(Ljava/lang/String;Ljava/io/File;)V+4
j  org.sonatype.aether.connector.wagon.WagonRepositoryConnector$GetTask.run()V+285
j  org.sonatype.aether.util.concurrency.RunnableErrorForwarder$1.run()V+4
j  java.util.concurrent.ThreadPoolExecutor.runWorker(Ljava/util/concurrent/ThreadPoolExecutor$Worker;)V+95
j  java.util.concurrent.ThreadPoolExecutor$Worker.run()V+5
j  java.lang.Thread.run()V+11
v  ~StubRoutines::call_stub

---------------  P R O C E S S  ---------------

Java Threads: ( => current thread )
=>0x00007f325841e000 JavaThread "pool-1-thread-1" [_thread_in_vm, id=4227, stack(0x00007f323994b000,0x00007f3239a4c000)]
  0x00007f32580db800 JavaThread "Service Thread" daemon [_thread_blocked, id=4225, stack(0x00007f323b6f7000,0x00007f323b7f8000)]
  0x00007f32580ce800 JavaThread "C1 CompilerThread2" daemon [_thread_blocked, id=4224, stack(0x00007f323b7f8000,0x00007f323b8f9000)]
  0x00007f32580cd000 JavaThread "C2 CompilerThread1" daemon [_thread_blocked, id=4223, stack(0x00007f323b8f9000,0x00007f323b9fa000)]
  0x00007f32580bf800 JavaThread "C2 CompilerThread0" daemon [_thread_blocked, id=4222, stack(0x00007f323b9fa000,0x00007f323bafb000)]
  0x00007f32580bd800 JavaThread "Signal Dispatcher" daemon [_thread_blocked, id=4221, stack(0x00007f323bafb000,0x00007f323bbfc000)]
  0x00007f3258093800 JavaThread "Finalizer" daemon [_thread_blocked, id=4220, stack(0x00007f323bbfc000,0x00007f323bcfd000)]
  0x00007f325808f000 JavaThread "Reference Handler" daemon [_thread_blocked, id=4219, stack(0x00007f323bcfd000,0x00007f323bdfe000)]
  0x00007f325800a000 JavaThread "main" [_thread_blocked, id=4213, stack(0x00007f32624e7000,0x00007f32625e8000)]

Other Threads:
  0x00007f3258085000 VMThread [stack: 0x00007f323bdfe000,0x00007f323beff000] [id=4218]
  0x00007f32580eb800 WatcherThread [stack: 0x00007f323b4ef000,0x00007f323b5f0000] [id=4226]

VM state:not at safepoint (normal execution)

VM Mutex/Monitor currently owned by a thread: None

Heap:
 PSYoungGen      total 34304K, used 17018K [0x00000000eb800000, 0x00000000efb00000, 0x0000000100000000)
  eden space 31744K, 45% used [0x00000000eb800000,0x00000000ec621780,0x00000000ed700000)
  from space 2560K, 99% used [0x00000000ed700000,0x00000000ed97d3c0,0x00000000ed980000)
  to   space 2560K, 0% used [0x00000000ef880000,0x00000000ef880000,0x00000000efb00000)
 ParOldGen       total 174592K, used 136330K [0x00000000c2800000, 0x00000000cd280000, 0x00000000eb800000)
  object space 174592K, 78% used [0x00000000c2800000,0x00000000cad22998,0x00000000cd280000)
 Metaspace       used 20100K, capacity 20974K, committed 21120K, reserved 1067008K
  class space    used 3622K, capacity 3944K, committed 3968K, reserved 1048576K

Card table byte_map: [0x00007f325ef9f000,0x00007f325f18c000] byte_map_base: 0x00007f325e98b000

Marking Bits: (ParMarkBitMap*) 0x00007f32617c0820
 Begin Bits: [0x00007f325cb93000, 0x00007f325daf3000)
 End Bits:   [0x00007f325daf3000, 0x00007f325ea53000)

Polling page: 0x00007f326260c000

CodeCache: size=245760Kb used=3974Kb max_used=3974Kb free=241785Kb
 bounds [0x00007f3249000000, 0x00007f32493f0000, 0x00007f3258000000]
 total_blobs=1998 nmethods=1600 adapters=310
 compilation: enabled

Compilation events (10 events):
Event: 1.731 Thread 0x00007f32580ce800 1596       1       sun.security.provider.SHA2::implCompress (331 bytes)
Event: 1.732 Thread 0x00007f32580ce800 nmethod 1596 0x00007f32493dfa90 code [0x00007f32493dfc40, 0x00007f32493e0268]
Event: 1.733 Thread 0x00007f32580ce800 1597       1       sun.reflect.ReflectionFactory::checkInitted (19 bytes)
Event: 1.733 Thread 0x00007f32580ce800 nmethod 1597 0x00007f32493e0a10 code [0x00007f32493e0b80, 0x00007f32493e0ce8]
Event: 1.733 Thread 0x00007f32580ce800 1598       1       sun.security.provider.SHA5::lf_S (11 bytes)
Event: 1.733 Thread 0x00007f32580ce800 nmethod 1598 0x00007f32493e0d90 code [0x00007f32493e0ee0, 0x00007f32493e0ff0]
Event: 1.733 Thread 0x00007f32580ce800 1599       1       sun.security.provider.SHA5::lf_R (4 bytes)
Event: 1.733 Thread 0x00007f32580ce800 nmethod 1599 0x00007f32493e1050 code [0x00007f32493e11a0, 0x00007f32493e1290]
Event: 1.734 Thread 0x00007f32580ce800 1600       1       java.math.BigInteger::bitLength (140 bytes)
Event: 1.735 Thread 0x00007f32580ce800 nmethod 1600 0x00007f32493e12d0 code [0x00007f32493e1460, 0x00007f32493e16f8]

GC Heap History (6 events):
Event: 0.397 GC heap before
{Heap before GC invocations=1 (full 0):
 PSYoungGen      total 18432K, used 15872K [0x00000000eb800000, 0x00000000ecc80000, 0x0000000100000000)
  eden space 15872K, 100% used [0x00000000eb800000,0x00000000ec780000,0x00000000ec780000)
  from space 2560K, 0% used [0x00000000eca00000,0x00000000eca00000,0x00000000ecc80000)
  to   space 2560K, 0% used [0x00000000ec780000,0x00000000ec780000,0x00000000eca00000)
 ParOldGen       total 42496K, used 0K [0x00000000c2800000, 0x00000000c5180000, 0x00000000eb800000)
  object space 42496K, 0% used [0x00000000c2800000,0x00000000c2800000,0x00000000c5180000)
 Metaspace       used 10026K, capacity 10092K, committed 10240K, reserved 1056768K
  class space    used 2008K, capacity 2024K, committed 2048K, reserved 1048576K
Event: 0.402 GC heap after
Heap after GC invocations=1 (full 0):
 PSYoungGen      total 18432K, used 2528K [0x00000000eb800000, 0x00000000edc00000, 0x0000000100000000)
  eden space 15872K, 0% used [0x00000000eb800000,0x00000000eb800000,0x00000000ec780000)
  from space 2560K, 98% used [0x00000000ec780000,0x00000000ec9f8020,0x00000000eca00000)
  to   space 2560K, 0% used [0x00000000ed980000,0x00000000ed980000,0x00000000edc00000)
 ParOldGen       total 42496K, used 612K [0x00000000c2800000, 0x00000000c5180000, 0x00000000eb800000)
  object space 42496K, 1% used [0x00000000c2800000,0x00000000c28991c8,0x00000000c5180000)
 Metaspace       used 10026K, capacity 10092K, committed 10240K, reserved 1056768K
  class space    used 2008K, capacity 2024K, committed 2048K, reserved 1048576K
}
Event: 0.621 GC heap before
{Heap before GC invocations=2 (full 0):
 PSYoungGen      total 18432K, used 18400K [0x00000000eb800000, 0x00000000edc00000, 0x0000000100000000)
  eden space 15872K, 100% used [0x00000000eb800000,0x00000000ec780000,0x00000000ec780000)
  from space 2560K, 98% used [0x00000000ec780000,0x00000000ec9f8020,0x00000000eca00000)
  to   space 2560K, 0% used [0x00000000ed980000,0x00000000ed980000,0x00000000edc00000)
 ParOldGen       total 42496K, used 612K [0x00000000c2800000, 0x00000000c5180000, 0x00000000eb800000)
  object space 42496K, 1% used [0x00000000c2800000,0x00000000c28991c8,0x00000000c5180000)
 Metaspace       used 13844K, capacity 14004K, committed 14080K, reserved 1060864K
  class space    used 2520K, capacity 2553K, committed 2560K, reserved 1048576K
Event: 0.639 GC heap after
Heap after GC invocations=2 (full 0):
 PSYoungGen      total 34304K, used 2548K [0x00000000eb800000, 0x00000000edc00000, 0x0000000100000000)
  eden space 31744K, 0% used [0x00000000eb800000,0x00000000eb800000,0x00000000ed700000)
  from space 2560K, 99% used [0x00000000ed980000,0x00000000edbfd3c0,0x00000000edc00000)
  to   space 2560K, 0% used [0x00000000ed700000,0x00000000ed700000,0x00000000ed980000)
 ParOldGen       total 42496K, used 3645K [0x00000000c2800000, 0x00000000c5180000, 0x00000000eb800000)
  object space 42496K, 8% used [0x00000000c2800000,0x00000000c2b8f6f8,0x00000000c5180000)
 Metaspace       used 13844K, capacity 14004K, committed 14080K, reserved 1060864K
  class space    used 2520K, capacity 2553K, committed 2560K, reserved 1048576K
}
Event: 0.852 GC heap before
{Heap before GC invocations=3 (full 0):
 PSYoungGen      total 34304K, used 34292K [0x00000000eb800000, 0x00000000edc00000, 0x0000000100000000)
  eden space 31744K, 100% used [0x00000000eb800000,0x00000000ed700000,0x00000000ed700000)
  from space 2560K, 99% used [0x00000000ed980000,0x00000000edbfd3c0,0x00000000edc00000)
  to   space 2560K, 0% used [0x00000000ed700000,0x00000000ed700000,0x00000000ed980000)
 ParOldGen       total 42496K, used 3645K [0x00000000c2800000, 0x00000000c5180000, 0x00000000eb800000)
  object space 42496K, 8% used [0x00000000c2800000,0x00000000c2b8f6f8,0x00000000c5180000)
 Metaspace       used 14797K, capacity 15494K, committed 15616K, reserved 1062912K
  class space    used 2817K, capacity 3051K, committed 3072K, reserved 1048576K
Event: 0.856 GC heap after
Heap after GC invocations=3 (full 0):
 PSYoungGen      total 34304K, used 2548K [0x00000000eb800000, 0x00000000efb00000, 0x0000000100000000)
  eden space 31744K, 0% used [0x00000000eb800000,0x00000000eb800000,0x00000000ed700000)
  from space 2560K, 99% used [0x00000000ed700000,0x00000000ed97d3c0,0x00000000ed980000)
  to   space 2560K, 0% used [0x00000000ef880000,0x00000000ef880000,0x00000000efb00000)
 ParOldGen       total 42496K, used 4511K [0x00000000c2800000, 0x00000000c5180000, 0x00000000eb800000)
  object space 42496K, 10% used [0x00000000c2800000,0x00000000c2c67e90,0x00000000c5180000)
 Metaspace       used 14797K, capacity 15494K, committed 15616K, reserved 1062912K
  class space    used 2817K, capacity 3051K, committed 3072K, reserved 1048576K
}

Deoptimization events (0 events):
No events

Internal exceptions (10 events):
Event: 0.411 Thread 0x00007f325800a000 Exception <a 'java/lang/ClassNotFoundException': cemerick/pomegranate/aether__init> (0x00000000eb98a308) thrown at [/builddir/build/BUILD/java-1.8.0-openjdk-1.8.0.111-5.b16.fc25.x86_64/openjdk/hotspot/src/share/vm/classfile/systemDictionary.cpp, line 210]
Event: 0.458 Thread 0x00007f325800a000 Exception <a 'java/lang/ClassNotFoundException': org/apache/log4j/Priority> (0x00000000ebc50588) thrown at [/builddir/build/BUILD/java-1.8.0-openjdk-1.8.0.111-5.b16.fc25.x86_64/openjdk/hotspot/src/share/vm/classfile/systemDictionary.cpp, line 210]
Event: 0.458 Thread 0x00007f325800a000 Exception <a 'java/lang/NoClassDefFoundError'> (0x00000000ebc51120) thrown at [/builddir/build/BUILD/java-1.8.0-openjdk-1.8.0.111-5.b16.fc25.x86_64/openjdk/hotspot/src/share/vm/oops/instanceKlass.cpp, line 968]
Event: 0.751 Thread 0x00007f325800a000 Exception <a 'java/lang/ClassNotFoundException': dynapath/util__init> (0x00000000ec68cb88) thrown at [/builddir/build/BUILD/java-1.8.0-openjdk-1.8.0.111-5.b16.fc25.x86_64/openjdk/hotspot/src/share/vm/classfile/systemDictionary.cpp, line 210]
Event: 0.809 Thread 0x00007f325800a000 Exception <a 'java/lang/ClassNotFoundException': pedantic/core__init> (0x00000000ecf14d78) thrown at [/builddir/build/BUILD/java-1.8.0-openjdk-1.8.0.111-5.b16.fc25.x86_64/openjdk/hotspot/src/share/vm/classfile/systemDictionary.cpp, line 210]
Event: 0.886 Thread 0x00007f325800a000 Exception <a 'java/lang/ClassNotFoundException': bultitude/core__init> (0x00000000eb964ea8) thrown at [/builddir/build/BUILD/java-1.8.0-openjdk-1.8.0.111-5.b16.fc25.x86_64/openjdk/hotspot/src/share/vm/classfile/systemDictionary.cpp, line 210]
Event: 0.958 Thread 0x00007f325800a000 Exception <a 'java/security/PrivilegedActionException'> (0x00000000ec09c1d0) thrown at [/builddir/build/BUILD/java-1.8.0-openjdk-1.8.0.111-5.b16.fc25.x86_64/openjdk/hotspot/src/share/vm/prims/jvm.cpp, line 1398]
Event: 0.958 Thread 0x00007f325800a000 Exception <a 'java/security/PrivilegedActionException'> (0x00000000ec09c5c8) thrown at [/builddir/build/BUILD/java-1.8.0-openjdk-1.8.0.111-5.b16.fc25.x86_64/openjdk/hotspot/src/share/vm/prims/jvm.cpp, line 1398]
Event: 1.702 Thread 0x00007f325841e000 Exception <a 'java/lang/NoSuchFieldError': method resolution failed> (0x00000000ec537e70) thrown at [/builddir/build/BUILD/java-1.8.0-openjdk-1.8.0.111-5.b16.fc25.x86_64/openjdk/hotspot/src/share/vm/prims/methodHandles.cpp, line 1146]
Event: 1.704 Thread 0x00007f325841e000 Exception <a 'java/lang/NoSuchFieldError': method resolution failed> (0x00000000ec5458c0) thrown at [/builddir/build/BUILD/java-1.8.0-openjdk-1.8.0.111-5.b16.fc25.x86_64/openjdk/hotspot/src/share/vm/prims/methodHandles.cpp, line 1146]

Events (10 events):
Event: 1.732 loading class java/security/spec/ECPublicKeySpec
Event: 1.732 loading class java/security/spec/ECPublicKeySpec done
Event: 1.732 loading class sun/security/rsa/RSASignature$SHA512withRSA
Event: 1.732 loading class sun/security/rsa/RSASignature$SHA512withRSA done
Event: 1.732 loading class sun/security/provider/SHA5$SHA512
Event: 1.732 loading class sun/security/provider/SHA5
Event: 1.732 loading class sun/security/provider/SHA5 done
Event: 1.732 loading class sun/security/provider/SHA5$SHA512 done
Event: 1.734 loading class sun/security/ssl/ECDHCrypt
Event: 1.734 loading class sun/security/ssl/ECDHCrypt done


Dynamic libraries:
c2800000-cd280000 rw-p 00000000 00:00 0 
cd280000-eb800000 ---p 00000000 00:00 0 
eb800000-efb00000 rw-p 00000000 00:00 0 
efb00000-100000000 ---p 00000000 00:00 0 
100000000-1003e0000 rw-p 00000000 00:00 0 
1003e0000-140000000 ---p 00000000 00:00 0 
559774081000-559774082000 r-xp 00000000 fd:00 1061356                    /usr/lib/jvm/java-1.8.0-openjdk-1.8.0.111-5.b16.fc25.x86_64/jre/bin/java
559774281000-559774282000 r--p 00000000 fd:00 1061356                    /usr/lib/jvm/java-1.8.0-openjdk-1.8.0.111-5.b16.fc25.x86_64/jre/bin/java
559774282000-559774283000 rw-p 00001000 fd:00 1061356                    /usr/lib/jvm/java-1.8.0-openjdk-1.8.0.111-5.b16.fc25.x86_64/jre/bin/java
559775896000-5597758b7000 rw-p 00000000 00:00 0                          [heap]
7f3204000000-7f3204021000 rw-p 00000000 00:00 0 
7f3204021000-7f3208000000 ---p 00000000 00:00 0 
7f3208000000-7f3208127000 rw-p 00000000 00:00 0 
7f3208127000-7f320c000000 ---p 00000000 00:00 0 
7f320c000000-7f320c38b000 rw-p 00000000 00:00 0 
7f320c38b000-7f3210000000 ---p 00000000 00:00 0 
7f3210000000-7f3210021000 rw-p 00000000 00:00 0 
7f3210021000-7f3214000000 ---p 00000000 00:00 0 
7f3214000000-7f3214046000 rw-p 00000000 00:00 0 
7f3214046000-7f3218000000 ---p 00000000 00:00 0 
7f3218000000-7f3218021000 rw-p 00000000 00:00 0 
7f3218021000-7f321c000000 ---p 00000000 00:00 0 
7f321c000000-7f321c021000 rw-p 00000000 00:00 0 
7f321c021000-7f3220000000 ---p 00000000 00:00 0 
7f3221467000-7f3228000000 r--p 00000000 fd:00 919059                     /usr/lib/locale/locale-archive
7f3228000000-7f3228021000 rw-p 00000000 00:00 0 
7f3228021000-7f322c000000 ---p 00000000 00:00 0 
7f322c000000-7f322c021000 rw-p 00000000 00:00 0 
7f322c021000-7f3230000000 ---p 00000000 00:00 0 
7f3230000000-7f3230021000 rw-p 00000000 00:00 0 
7f3230021000-7f3234000000 ---p 00000000 00:00 0 
7f3234000000-7f3234021000 rw-p 00000000 00:00 0 
7f3234021000-7f3238000000 ---p 00000000 00:00 0 
7f3238d0e000-7f3238dce000 rw-p 00000000 00:00 0 
7f3238dce000-7f3238f0e000 ---p 00000000 00:00 0 
7f3238f0e000-7f3238f25000 r-xp 00000000 fd:00 924864                     /usr/lib64/libresolv-2.24.so
7f3238f25000-7f3239125000 ---p 00017000 fd:00 924864                     /usr/lib64/libresolv-2.24.so
7f3239125000-7f3239126000 r--p 00017000 fd:00 924864                     /usr/lib64/libresolv-2.24.so
7f3239126000-7f3239127000 rw-p 00018000 fd:00 924864                     /usr/lib64/libresolv-2.24.so
7f3239127000-7f3239129000 rw-p 00000000 00:00 0 
7f3239129000-7f323912e000 r-xp 00000000 fd:00 924858                     /usr/lib64/libnss_dns-2.24.so
7f323912e000-7f323932e000 ---p 00005000 fd:00 924858                     /usr/lib64/libnss_dns-2.24.so
7f323932e000-7f323932f000 r--p 00005000 fd:00 924858                     /usr/lib64/libnss_dns-2.24.so
7f323932f000-7f3239330000 rw-p 00006000 fd:00 924858                     /usr/lib64/libnss_dns-2.24.so
7f3239330000-7f3239332000 r-xp 00000000 fd:00 926913                     /usr/lib64/libnss_mdns4_minimal.so.2
7f3239332000-7f3239531000 ---p 00002000 fd:00 926913                     /usr/lib64/libnss_mdns4_minimal.so.2
7f3239531000-7f3239532000 r--p 00001000 fd:00 926913                     /usr/lib64/libnss_mdns4_minimal.so.2
7f3239532000-7f3239533000 rw-p 00000000 00:00 0 
7f3239533000-7f323954a000 r-xp 00000000 fd:00 1189277                    /usr/lib/jvm/java-1.8.0-openjdk-1.8.0.111-5.b16.fc25.x86_64/jre/lib/amd64/libnet.so
7f323954a000-7f3239749000 ---p 00017000 fd:00 1189277                    /usr/lib/jvm/java-1.8.0-openjdk-1.8.0.111-5.b16.fc25.x86_64/jre/lib/amd64/libnet.so
7f3239749000-7f323974a000 r--p 00016000 fd:00 1189277                    /usr/lib/jvm/java-1.8.0-openjdk-1.8.0.111-5.b16.fc25.x86_64/jre/lib/amd64/libnet.so
7f323974a000-7f323974b000 rw-p 00017000 fd:00 1189277                    /usr/lib/jvm/java-1.8.0-openjdk-1.8.0.111-5.b16.fc25.x86_64/jre/lib/amd64/libnet.so
7f323974b000-7f323994b000 rw-p 00000000 00:00 0 
7f323994b000-7f323994e000 ---p 00000000 00:00 0 
7f323994e000-7f3239c4c000 rw-p 00000000 00:00 0 
7f3239c4c000-7f3239e4c000 rw-p 00000000 00:00 0 
7f3239e4c000-7f3239ec8000 r-xp 00000000 fd:00 926576                     /usr/lib64/libfreeblpriv3.so
7f3239ec8000-7f323a0c8000 ---p 0007c000 fd:00 926576                     /usr/lib64/libfreeblpriv3.so
7f323a0c8000-7f323a0ca000 r--p 0007c000 fd:00 926576                     /usr/lib64/libfreeblpriv3.so
7f323a0ca000-7f323a0cb000 rw-p 0007e000 fd:00 926576                     /usr/lib64/libfreeblpriv3.so
7f323a0cb000-7f323a0cf000 rw-p 00000000 00:00 0 
7f323a0cf000-7f323a10a000 r-xp 00000000 fd:00 926907                     /usr/lib64/libnspr4.so
7f323a10a000-7f323a309000 ---p 0003b000 fd:00 926907                     /usr/lib64/libnspr4.so
7f323a309000-7f323a30a000 r--p 0003a000 fd:00 926907                     /usr/lib64/libnspr4.so
7f323a30a000-7f323a30c000 rw-p 0003b000 fd:00 926907                     /usr/lib64/libnspr4.so
7f323a30c000-7f323a30e000 rw-p 00000000 00:00 0 
7f323a30e000-7f323a312000 r-xp 00000000 fd:00 926981                     /usr/lib64/libplc4.so
7f323a312000-7f323a511000 ---p 00004000 fd:00 926981                     /usr/lib64/libplc4.so
7f323a511000-7f323a512000 r--p 00003000 fd:00 926981                     /usr/lib64/libplc4.so
7f323a512000-7f323a513000 rw-p 00004000 fd:00 926981                     /usr/lib64/libplc4.so
7f323a513000-7f323a516000 r-xp 00000000 fd:00 926982                     /usr/lib64/libplds4.so
7f323a516000-7f323a715000 ---p 00003000 fd:00 926982                     /usr/lib64/libplds4.so
7f323a715000-7f323a716000 r--p 00002000 fd:00 926982                     /usr/lib64/libplds4.so
7f323a716000-7f323a717000 rw-p 00003000 fd:00 926982                     /usr/lib64/libplds4.so
7f323a717000-7f323a73e000 r-xp 00000000 fd:00 926263                     /usr/lib64/libnssutil3.so
7f323a73e000-7f323a93d000 ---p 00027000 fd:00 926263                     /usr/lib64/libnssutil3.so
7f323a93d000-7f323a944000 r--p 00026000 fd:00 926263                     /usr/lib64/libnssutil3.so
7f323a944000-7f323a945000 rw-p 0002d000 fd:00 926263                     /usr/lib64/libnssutil3.so
7f323a945000-7f323aa67000 r-xp 00000000 fd:00 917668                     /usr/lib64/libnss3.so
7f323aa67000-7f323ac66000 ---p 00122000 fd:00 917668                     /usr/lib64/libnss3.so
7f323ac66000-7f323ac6b000 r--p 00121000 fd:00 917668                     /usr/lib64/libnss3.so
7f323ac6b000-7f323ac6d000 rw-p 00126000 fd:00 917668                     /usr/lib64/libnss3.so
7f323ac6d000-7f323ac6f000 rw-p 00000000 00:00 0 
7f323ac6f000-7f323ac93000 r-xp 00000000 fd:00 927972                     /usr/lib64/libsmime3.so
7f323ac93000-7f323ae92000 ---p 00024000 fd:00 927972                     /usr/lib64/libsmime3.so
7f323ae92000-7f323ae95000 r--p 00023000 fd:00 927972                     /usr/lib64/libsmime3.so
7f323ae95000-7f323ae96000 rw-p 00026000 fd:00 927972                     /usr/lib64/libsmime3.so
7f323ae96000-7f323aedc000 r-xp 00000000 fd:00 928027                     /usr/lib64/libssl3.so
7f323aedc000-7f323b0dc000 ---p 00046000 fd:00 928027                     /usr/lib64/libssl3.so
7f323b0dc000-7f323b0e0000 r--p 00046000 fd:00 928027                     /usr/lib64/libssl3.so
7f323b0e0000-7f323b0e1000 rw-p 0004a000 fd:00 928027                     /usr/lib64/libssl3.so
7f323b0e1000-7f323b0e2000 rw-p 00000000 00:00 0 
7f323b0e2000-7f323b0ee000 r-xp 00000000 fd:00 1189286                    /usr/lib/jvm/java-1.8.0-openjdk-1.8.0.111-5.b16.fc25.x86_64/jre/lib/amd64/libsunec.so
7f323b0ee000-7f323b2ed000 ---p 0000c000 fd:00 1189286                    /usr/lib/jvm/java-1.8.0-openjdk-1.8.0.111-5.b16.fc25.x86_64/jre/lib/amd64/libsunec.so
7f323b2ed000-7f323b2ee000 r--p 0000b000 fd:00 1189286                    /usr/lib/jvm/java-1.8.0-openjdk-1.8.0.111-5.b16.fc25.x86_64/jre/lib/amd64/libsunec.so
7f323b2ee000-7f323b4ef000 rw-p 00000000 00:00 0 
7f323b4ef000-7f323b4f0000 ---p 00000000 00:00 0 
7f323b4f0000-7f323b5f0000 rw-p 00000000 00:00 0 
7f323b5f0000-7f323b6f7000 r--s 00da2000 fd:02 2362403                    /home/sguryev/.lein/self-installs/leiningen-2.7.1-standalone.jar
7f323b6f7000-7f323b6fa000 ---p 00000000 00:00 0 
7f323b6fa000-7f323b7f8000 rw-p 00000000 00:00 0 
7f323b7f8000-7f323b7fb000 ---p 00000000 00:00 0 
7f323b7fb000-7f323b8f9000 rw-p 00000000 00:00 0 
7f323b8f9000-7f323b8fc000 ---p 00000000 00:00 0 
7f323b8fc000-7f323b9fa000 rw-p 00000000 00:00 0 
7f323b9fa000-7f323b9fd000 ---p 00000000 00:00 0 
7f323b9fd000-7f323bafb000 rw-p 00000000 00:00 0 
7f323bafb000-7f323bafe000 ---p 00000000 00:00 0 
7f323bafe000-7f323bbfc000 rw-p 00000000 00:00 0 
7f323bbfc000-7f323bbff000 ---p 00000000 00:00 0 
7f323bbff000-7f323bcfd000 rw-p 00000000 00:00 0 
7f323bcfd000-7f323bd00000 ---p 00000000 00:00 0 
7f323bd00000-7f323bdfe000 rw-p 00000000 00:00 0 
7f323bdfe000-7f323bdff000 ---p 00000000 00:00 0 
7f323bdff000-7f323c000000 rw-p 00000000 00:00 0 
7f323c000000-7f323c021000 rw-p 00000000 00:00 0 
7f323c021000-7f3240000000 ---p 00000000 00:00 0 
7f3240000000-7f3240021000 rw-p 00000000 00:00 0 
7f3240021000-7f3244000000 ---p 00000000 00:00 0 
7f3244000000-7f3244021000 rw-p 00000000 00:00 0 
7f3244021000-7f3248000000 ---p 00000000 00:00 0 
7f3248060000-7f3248073000 r--s 00346000 fd:00 1061142                    /usr/lib/jvm/java-1.8.0-openjdk-1.8.0.111-5.b16.fc25.x86_64/jre/lib/resources.jar
7f3248073000-7f3248e33000 rw-p 00000000 00:00 0 
7f3248e33000-7f3249000000 r--s 043c9000 fd:00 1061390                    /usr/lib/jvm/java-1.8.0-openjdk-1.8.0.111-5.b16.fc25.x86_64/jre/lib/rt.jar
7f3249000000-7f32493f0000 rwxp 00000000 00:00 0 
7f32493f0000-7f3258000000 ---p 00000000 00:00 0 
7f3258000000-7f3258428000 rw-p 00000000 00:00 0 
7f3258428000-7f325c000000 ---p 00000000 00:00 0 
7f325c007000-7f325c00d000 r--s 00043000 fd:00 1188746                    /usr/lib/jvm/java-1.8.0-openjdk-1.8.0.111-5.b16.fc25.x86_64/jre/lib/ext/sunjce_provider.jar
7f325c00d000-7f325c00f000 r--s 00007000 fd:00 1188745                    /usr/lib/jvm/java-1.8.0-openjdk-1.8.0.111-5.b16.fc25.x86_64/jre/lib/ext/sunec.jar
7f325c00f000-7f325ea53000 rw-p 00000000 00:00 0 
7f325ea53000-7f325ea54000 ---p 00000000 00:00 0 
7f325ea54000-7f325eb54000 rw-p 00000000 00:00 0 
7f325eb54000-7f325eb55000 ---p 00000000 00:00 0 
7f325eb55000-7f325ec55000 rw-p 00000000 00:00 0 
7f325ec55000-7f325ec56000 ---p 00000000 00:00 0 
7f325ec56000-7f325ed56000 rw-p 00000000 00:00 0 
7f325ed56000-7f325ed57000 ---p 00000000 00:00 0 
7f325ed57000-7f325eead000 rw-p 00000000 00:00 0 
7f325eead000-7f325ef9f000 ---p 00000000 00:00 0 
7f325ef9f000-7f325eff5000 rw-p 00000000 00:00 0 
7f325eff5000-7f325f0e7000 ---p 00000000 00:00 0 
7f325f0e7000-7f325f109000 rw-p 00000000 00:00 0 
7f325f109000-7f325f18b000 ---p 00000000 00:00 0 
7f325f18b000-7f325f19c000 rw-p 00000000 00:00 0 
7f325f19c000-7f325f54c000 ---p 00000000 00:00 0 
7f325f54c000-7f325f554000 r-xp 00000000 fd:00 1189290                    /usr/lib/jvm/java-1.8.0-openjdk-1.8.0.111-5.b16.fc25.x86_64/jre/lib/amd64/libzip.so
7f325f554000-7f325f753000 ---p 00008000 fd:00 1189290                    /usr/lib/jvm/java-1.8.0-openjdk-1.8.0.111-5.b16.fc25.x86_64/jre/lib/amd64/libzip.so
7f325f753000-7f325f754000 r--p 00007000 fd:00 1189290                    /usr/lib/jvm/java-1.8.0-openjdk-1.8.0.111-5.b16.fc25.x86_64/jre/lib/amd64/libzip.so
7f325f754000-7f325f755000 rw-p 00000000 00:00 0 
7f325f755000-7f325f75f000 r-xp 00000000 fd:00 924860                     /usr/lib64/libnss_files-2.24.so
7f325f75f000-7f325f95f000 ---p 0000a000 fd:00 924860                     /usr/lib64/libnss_files-2.24.so
7f325f95f000-7f325f960000 r--p 0000a000 fd:00 924860                     /usr/lib64/libnss_files-2.24.so
7f325f960000-7f325f961000 rw-p 0000b000 fd:00 924860                     /usr/lib64/libnss_files-2.24.so
7f325f961000-7f325f967000 rw-p 00000000 00:00 0 
7f325f967000-7f325f994000 r-xp 00000000 fd:00 1189262                    /usr/lib/jvm/java-1.8.0-openjdk-1.8.0.111-5.b16.fc25.x86_64/jre/lib/amd64/libjava.so
7f325f994000-7f325fb94000 ---p 0002d000 fd:00 1189262                    /usr/lib/jvm/java-1.8.0-openjdk-1.8.0.111-5.b16.fc25.x86_64/jre/lib/amd64/libjava.so
7f325fb94000-7f325fb95000 r--p 0002d000 fd:00 1189262                    /usr/lib/jvm/java-1.8.0-openjdk-1.8.0.111-5.b16.fc25.x86_64/jre/lib/amd64/libjava.so
7f325fb95000-7f325fb96000 rw-p 0002e000 fd:00 1189262                    /usr/lib/jvm/java-1.8.0-openjdk-1.8.0.111-5.b16.fc25.x86_64/jre/lib/amd64/libjava.so
7f325fb96000-7f325fb97000 rw-p 00000000 00:00 0 
7f325fb97000-7f325fba4000 r-xp 00000000 fd:00 1189289                    /usr/lib/jvm/java-1.8.0-openjdk-1.8.0.111-5.b16.fc25.x86_64/jre/lib/amd64/libverify.so
7f325fba4000-7f325fda3000 ---p 0000d000 fd:00 1189289                    /usr/lib/jvm/java-1.8.0-openjdk-1.8.0.111-5.b16.fc25.x86_64/jre/lib/amd64/libverify.so
7f325fda3000-7f325fda5000 r--p 0000c000 fd:00 1189289                    /usr/lib/jvm/java-1.8.0-openjdk-1.8.0.111-5.b16.fc25.x86_64/jre/lib/amd64/libverify.so
7f325fda5000-7f325fda6000 rw-p 00000000 00:00 0 
7f325fda6000-7f325fdad000 r-xp 00000000 fd:00 924866                     /usr/lib64/librt-2.24.so
7f325fdad000-7f325ffac000 ---p 00007000 fd:00 924866                     /usr/lib64/librt-2.24.so
7f325ffac000-7f325ffad000 r--p 00006000 fd:00 924866                     /usr/lib64/librt-2.24.so
7f325ffad000-7f325ffae000 rw-p 00007000 fd:00 924866                     /usr/lib64/librt-2.24.so
7f325ffae000-7f325ffc4000 r-xp 00000000 fd:00 924877                     /usr/lib64/libgcc_s-6.3.1-20161221.so.1
7f325ffc4000-7f32601c3000 ---p 00016000 fd:00 924877                     /usr/lib64/libgcc_s-6.3.1-20161221.so.1
7f32601c3000-7f32601c4000 r--p 00015000 fd:00 924877                     /usr/lib64/libgcc_s-6.3.1-20161221.so.1
7f32601c4000-7f32601c5000 rw-p 00016000 fd:00 924877                     /usr/lib64/libgcc_s-6.3.1-20161221.so.1
7f32601c5000-7f32602cd000 r-xp 00000000 fd:00 924852                     /usr/lib64/libm-2.24.so
7f32602cd000-7f32604cc000 ---p 00108000 fd:00 924852                     /usr/lib64/libm-2.24.so
7f32604cc000-7f32604cd000 r--p 00107000 fd:00 924852                     /usr/lib64/libm-2.24.so
7f32604cd000-7f32604ce000 rw-p 00108000 fd:00 924852                     /usr/lib64/libm-2.24.so
7f32604ce000-7f3260646000 r-xp 00000000 fd:00 924880                     /usr/lib64/libstdc++.so.6.0.22
7f3260646000-7f3260846000 ---p 00178000 fd:00 924880                     /usr/lib64/libstdc++.so.6.0.22
7f3260846000-7f3260850000 r--p 00178000 fd:00 924880                     /usr/lib64/libstdc++.so.6.0.22
7f3260850000-7f3260852000 rw-p 00182000 fd:00 924880                     /usr/lib64/libstdc++.so.6.0.22
7f3260852000-7f3260856000 rw-p 00000000 00:00 0 
7f3260856000-7f32614ef000 r-xp 00000000 fd:00 1189296                    /usr/lib/jvm/java-1.8.0-openjdk-1.8.0.111-5.b16.fc25.x86_64/jre/lib/amd64/server/libjvm.so
7f32614ef000-7f32616ee000 ---p 00c99000 fd:00 1189296                    /usr/lib/jvm/java-1.8.0-openjdk-1.8.0.111-5.b16.fc25.x86_64/jre/lib/amd64/server/libjvm.so
7f32616ee000-7f3261784000 r--p 00c98000 fd:00 1189296                    /usr/lib/jvm/java-1.8.0-openjdk-1.8.0.111-5.b16.fc25.x86_64/jre/lib/amd64/server/libjvm.so
7f3261784000-7f32617ad000 rw-p 00d2e000 fd:00 1189296                    /usr/lib/jvm/java-1.8.0-openjdk-1.8.0.111-5.b16.fc25.x86_64/jre/lib/amd64/server/libjvm.so
7f32617ad000-7f32617dd000 rw-p 00000000 00:00 0 
7f32617dd000-7f326199a000 r-xp 00000000 fd:00 924846                     /usr/lib64/libc-2.24.so
7f326199a000-7f3261b99000 ---p 001bd000 fd:00 924846                     /usr/lib64/libc-2.24.so
7f3261b99000-7f3261b9d000 r--p 001bc000 fd:00 924846                     /usr/lib64/libc-2.24.so
7f3261b9d000-7f3261b9f000 rw-p 001c0000 fd:00 924846                     /usr/lib64/libc-2.24.so
7f3261b9f000-7f3261ba3000 rw-p 00000000 00:00 0 
7f3261ba3000-7f3261ba6000 r-xp 00000000 fd:00 924850                     /usr/lib64/libdl-2.24.so
7f3261ba6000-7f3261da5000 ---p 00003000 fd:00 924850                     /usr/lib64/libdl-2.24.so
7f3261da5000-7f3261da6000 r--p 00002000 fd:00 924850                     /usr/lib64/libdl-2.24.so
7f3261da6000-7f3261da7000 rw-p 00003000 fd:00 924850                     /usr/lib64/libdl-2.24.so
7f3261da7000-7f3261db4000 r-xp 00000000 fd:00 1189241                    /usr/lib/jvm/java-1.8.0-openjdk-1.8.0.111-5.b16.fc25.x86_64/jre/lib/amd64/jli/libjli.so
7f3261db4000-7f3261fb4000 ---p 0000d000 fd:00 1189241                    /usr/lib/jvm/java-1.8.0-openjdk-1.8.0.111-5.b16.fc25.x86_64/jre/lib/amd64/jli/libjli.so
7f3261fb4000-7f3261fb5000 r--p 0000d000 fd:00 1189241                    /usr/lib/jvm/java-1.8.0-openjdk-1.8.0.111-5.b16.fc25.x86_64/jre/lib/amd64/jli/libjli.so
7f3261fb5000-7f3261fb6000 rw-p 00000000 00:00 0 
7f3261fb6000-7f3261fcb000 r-xp 00000000 fd:00 927307                     /usr/lib64/libz.so.1.2.8
7f3261fcb000-7f32621ca000 ---p 00015000 fd:00 927307                     /usr/lib64/libz.so.1.2.8
7f32621ca000-7f32621cb000 r--p 00014000 fd:00 927307                     /usr/lib64/libz.so.1.2.8
7f32621cb000-7f32621cc000 rw-p 00015000 fd:00 927307                     /usr/lib64/libz.so.1.2.8
7f32621cc000-7f32621e4000 r-xp 00000000 fd:00 924862                     /usr/lib64/libpthread-2.24.so
7f32621e4000-7f32623e4000 ---p 00018000 fd:00 924862                     /usr/lib64/libpthread-2.24.so
7f32623e4000-7f32623e5000 r--p 00018000 fd:00 924862                     /usr/lib64/libpthread-2.24.so
7f32623e5000-7f32623e6000 rw-p 00019000 fd:00 924862                     /usr/lib64/libpthread-2.24.so
7f32623e6000-7f32623ea000 rw-p 00000000 00:00 0 
7f32623ea000-7f326240f000 r-xp 00000000 fd:00 924451                     /usr/lib64/ld-2.24.so
7f326240f000-7f3262413000 r--s 0003e000 fd:00 1188747                    /usr/lib/jvm/java-1.8.0-openjdk-1.8.0.111-5.b16.fc25.x86_64/jre/lib/ext/sunpkcs11.jar
7f3262413000-7f3262417000 r--s 000b0000 fd:00 1061380                    /usr/lib/jvm/java-1.8.0-openjdk-1.8.0.111-5.b16.fc25.x86_64/jre/lib/jsse.jar
7f3262417000-7f32624e7000 rw-p 00000000 00:00 0 
7f32624e7000-7f32624ea000 ---p 00000000 00:00 0 
7f32624ea000-7f32625ec000 rw-p 00000000 00:00 0 
7f32625ec000-7f32625ef000 r--s 00018000 fd:00 1061377                    /usr/lib/jvm/java-1.8.0-openjdk-1.8.0.111-5.b16.fc25.x86_64/jre/lib/jce.jar
7f32625ef000-7f3262603000 rw-p 00000000 00:00 0 
7f3262603000-7f326260b000 rw-s 00000000 00:28 64525                      /tmp/hsperfdata_sguryev/4212
7f326260b000-7f326260c000 rw-p 00000000 00:00 0 
7f326260c000-7f326260d000 r--p 00000000 00:00 0 
7f326260d000-7f326260f000 rw-p 00000000 00:00 0 
7f326260f000-7f3262610000 r--p 00025000 fd:00 924451                     /usr/lib64/ld-2.24.so
7f3262610000-7f3262611000 rw-p 00026000 fd:00 924451                     /usr/lib64/ld-2.24.so
7f3262611000-7f3262612000 rw-p 00000000 00:00 0 
7fffac156000-7fffac178000 rw-p 00000000 00:00 0                          [stack]
7fffac179000-7fffac17b000 r--p 00000000 00:00 0                          [vvar]
7fffac17b000-7fffac17d000 r-xp 00000000 00:00 0                          [vdso]
ffffffffff600000-ffffffffff601000 r-xp 00000000 00:00 0                  [vsyscall]

VM Arguments:
jvm_args: -Xbootclasspath/a:/home/sguryev/.lein/self-installs/leiningen-2.7.1-standalone.jar -Dfile.encoding=UTF-8 -Dmaven.wagon.http.ssl.easy=false -Dmaven.wagon.rto=10000 -XX:+TieredCompilation -XX:TieredStopAtLevel=1 -Dleiningen.original.pwd=/home/sguryev/Projects/Sandbox/Clojure -Dleiningen.script=/usr/bin/lein 
java_command: clojure.main -m leiningen.core.main new app hello
java_class_path (initial): /home/sguryev/.lein/self-installs/leiningen-2.7.1-standalone.jar
Launcher Type: SUN_STANDARD

Environment Variables:
CLASSPATH=/home/sguryev/.lein/self-installs/leiningen-2.7.1-standalone.jar
PATH=/home/sguryev/Apps:/home/sguryev/.rbenv/plugins/ruby-build/bin:/home/sguryev/.rbenv/shims:/home/sguryev/.rbenv/bin:/home/sguryev/Apps:/home/sguryev/.rbenv/plugins/ruby-build/bin:/home/sguryev/.rbenv/shims:/home/sguryev/.rbenv/bin:/usr/lib64/qt-3.3/bin:/usr/local/bin:/usr/local/sbin:/usr/bin:/usr/sbin:/home/sguryev/.local/bin:/home/sguryev/bin:/usr/local/go/bin:/usr/lib/node_modules/phantomjs/bin:/home/sguryev/.local/bin:/home/sguryev/bin:/usr/local/go/bin:/usr/lib/node_modules/phantomjs/bin
USERNAME=sguryev
SHELL=/bin/bash
DISPLAY=:0

Signal Handlers:
SIGSEGV: [libjvm.so+0xaa2610], sa_mask[0]=11111111011111111101111111111110, sa_flags=SA_RESTART|SA_SIGINFO
SIGBUS: [libjvm.so+0xaa2610], sa_mask[0]=11111111011111111101111111111110, sa_flags=SA_RESTART|SA_SIGINFO
SIGFPE: [libjvm.so+0x8c6f10], sa_mask[0]=11111111011111111101111111111110, sa_flags=SA_RESTART|SA_SIGINFO
SIGPIPE: SIG_IGN, sa_mask[0]=00000000000000000000000000000000, sa_flags=none
SIGXFSZ: [libjvm.so+0x8c6f10], sa_mask[0]=11111111011111111101111111111110, sa_flags=SA_RESTART|SA_SIGINFO
SIGILL: [libjvm.so+0x8c6f10], sa_mask[0]=11111111011111111101111111111110, sa_flags=SA_RESTART|SA_SIGINFO
SIGUSR1: SIG_DFL, sa_mask[0]=00000000000000000000000000000000, sa_flags=none
SIGUSR2: [libjvm.so+0x8c6dc0], sa_mask[0]=00000000000000000000000000000000, sa_flags=SA_RESTART|SA_SIGINFO
SIGHUP: [libjvm.so+0x8c7270], sa_mask[0]=11111111011111111101111111111110, sa_flags=SA_RESTART|SA_SIGINFO
SIGINT: [libjvm.so+0x8c7270], sa_mask[0]=11111111011111111101111111111110, sa_flags=SA_RESTART|SA_SIGINFO
SIGTERM: [libjvm.so+0x8c7270], sa_mask[0]=11111111011111111101111111111110, sa_flags=SA_RESTART|SA_SIGINFO
SIGQUIT: [libjvm.so+0x8c7270], sa_mask[0]=11111111011111111101111111111110, sa_flags=SA_RESTART|SA_SIGINFO


---------------  S Y S T E M  ---------------

OS:Fedora release 25 (Twenty Five)

uname:Linux 4.9.5-200.fc25.x86_64 #1 SMP Fri Jan 20 12:24:16 UTC 2017 x86_64
libc:glibc 2.24 NPTL 2.24 
rlimit: STACK 8192k, CORE 0k, NPROC 15617, NOFILE 4096, AS infinity
load average:0.22 0.49 0.97

/proc/meminfo:
MemTotal:        4023684 kB
MemFree:          420316 kB
MemAvailable:    1284924 kB
Buffers:          184268 kB
Cached:           901616 kB
SwapCached:            0 kB
Active:          2580328 kB
Inactive:         599244 kB
Active(anon):    2097892 kB
Inactive(anon):    70896 kB
Active(file):     482436 kB
Inactive(file):   528348 kB
Unevictable:         416 kB
Mlocked:             416 kB
SwapTotal:       5242876 kB
SwapFree:        5242876 kB
Dirty:               216 kB
Writeback:             0 kB
AnonPages:       2094016 kB
Mapped:           449928 kB
Shmem:             75104 kB
Slab:             183740 kB
SReclaimable:     115688 kB
SUnreclaim:        68052 kB
KernelStack:       12608 kB
PageTables:        64972 kB
NFS_Unstable:          0 kB
Bounce:                0 kB
WritebackTmp:          0 kB
CommitLimit:     7254716 kB
Committed_AS:    9162952 kB
VmallocTotal:   34359738367 kB
VmallocUsed:           0 kB
VmallocChunk:          0 kB
HardwareCorrupted:     0 kB
AnonHugePages:         0 kB
ShmemHugePages:        0 kB
ShmemPmdMapped:        0 kB
CmaTotal:              0 kB
CmaFree:               0 kB
HugePages_Total:       0
HugePages_Free:        0
HugePages_Rsvd:        0
HugePages_Surp:        0
Hugepagesize:       2048 kB
DirectMap4k:      271700 kB
DirectMap2M:     3899392 kB


CPU:total 4 (4 cores per cpu, 1 threads per core) family 6 model 42 stepping 7, cmov, cx8, fxsr, mmx, sse, sse2, sse3, ssse3, sse4.1, sse4.2, popcnt, avx, aes, clmul, tsc, tscinvbit

/proc/cpuinfo:
processor	: 0
vendor_id	: GenuineIntel
cpu family	: 6
model		: 42
model name	: Intel(R) Core(TM) i5-2320 CPU @ 3.00GHz
stepping	: 7
microcode	: 0x29
cpu MHz		: 2505.981
cache size	: 6144 KB
physical id	: 0
siblings	: 4
core id		: 0
cpu cores	: 4
apicid		: 0
initial apicid	: 0
fpu		: yes
fpu_exception	: yes
cpuid level	: 13
wp		: yes
flags		: fpu vme de pse tsc msr pae mce cx8 apic sep mtrr pge mca cmov pat pse36 clflush dts acpi mmx fxsr sse sse2 ss ht tm pbe syscall nx rdtscp lm constant_tsc arch_perfmon pebs bts rep_good nopl xtopology nonstop_tsc aperfmperf eagerfpu pni pclmulqdq dtes64 monitor ds_cpl vmx est tm2 ssse3 cx16 xtpr pdcm pcid sse4_1 sse4_2 popcnt tsc_deadline_timer aes xsave avx lahf_lm epb tpr_shadow vnmi flexpriority ept vpid xsaveopt dtherm ida arat pln pts
bugs		:
bogomips	: 6019.15
clflush size	: 64
cache_alignment	: 64
address sizes	: 36 bits physical, 48 bits virtual
power management:

processor	: 1
vendor_id	: GenuineIntel
cpu family	: 6
model		: 42
model name	: Intel(R) Core(TM) i5-2320 CPU @ 3.00GHz
stepping	: 7
microcode	: 0x29
cpu MHz		: 2436.401
cache size	: 6144 KB
physical id	: 0
siblings	: 4
core id		: 1
cpu cores	: 4
apicid		: 2
initial apicid	: 2
fpu		: yes
fpu_exception	: yes
cpuid level	: 13
wp		: yes
flags		: fpu vme de pse tsc msr pae mce cx8 apic sep mtrr pge mca cmov pat pse36 clflush dts acpi mmx fxsr sse sse2 ss ht tm pbe syscall nx rdtscp lm constant_tsc arch_perfmon pebs bts rep_good nopl xtopology nonstop_tsc aperfmperf eagerfpu pni pclmulqdq dtes64 monitor ds_cpl vmx est tm2 ssse3 cx16 xtpr pdcm pcid sse4_1 sse4_2 popcnt tsc_deadline_timer aes xsave avx lahf_lm epb tpr_shadow vnmi flexpriority ept vpid xsaveopt dtherm ida arat pln pts
bugs		:
bogomips	: 6022.87
clflush size	: 64
cache_alignment	: 64
address sizes	: 36 bits physical, 48 bits virtual
power management:

processor	: 2
vendor_id	: GenuineIntel
cpu family	: 6
model		: 42
model name	: Intel(R) Core(TM) i5-2320 CPU @ 3.00GHz
stepping	: 7
microcode	: 0x29
cpu MHz		: 2999.633
cache size	: 6144 KB
physical id	: 0
siblings	: 4
core id		: 2
cpu cores	: 4
apicid		: 4
initial apicid	: 4
fpu		: yes
fpu_exception	: yes
cpuid level	: 13
wp		: yes
flags		: fpu vme de pse tsc msr pae mce cx8 apic sep mtrr pge mca cmov pat pse36 clflush dts acpi mmx fxsr sse sse2 ss ht tm pbe syscall nx rdtscp lm constant_tsc arch_perfmon pebs bts rep_good nopl xtopology nonstop_tsc aperfmperf eagerfpu pni pclmulqdq dtes64 monitor ds_cpl vmx est tm2 ssse3 cx16 xtpr pdcm pcid sse4_1 sse4_2 popcnt tsc_deadline_timer aes xsave avx lahf_lm epb tpr_shadow vnmi flexpriority ept vpid xsaveopt dtherm ida arat pln pts
bugs		:
bogomips	: 6023.18
clflush size	: 64
cache_alignment	: 64
address sizes	: 36 bits physical, 48 bits virtual
power management:

processor	: 3
vendor_id	: GenuineIntel
cpu family	: 6
model		: 42
model name	: Intel(R) Core(TM) i5-2320 CPU @ 3.00GHz
stepping	: 7
microcode	: 0x29
cpu MHz		: 2643.310
cache size	: 6144 KB
physical id	: 0
siblings	: 4
core id		: 3
cpu cores	: 4
apicid		: 6
initial apicid	: 6
fpu		: yes
fpu_exception	: yes
cpuid level	: 13
wp		: yes
flags		: fpu vme de pse tsc msr pae mce cx8 apic sep mtrr pge mca cmov pat pse36 clflush dts acpi mmx fxsr sse sse2 ss ht tm pbe syscall nx rdtscp lm constant_tsc arch_perfmon pebs bts rep_good nopl xtopology nonstop_tsc aperfmperf eagerfpu pni pclmulqdq dtes64 monitor ds_cpl vmx est tm2 ssse3 cx16 xtpr pdcm pcid sse4_1 sse4_2 popcnt tsc_deadline_timer aes xsave avx lahf_lm epb tpr_shadow vnmi flexpriority ept vpid xsaveopt dtherm ida arat pln pts
bugs		:
bogomips	: 6023.22
clflush size	: 64
cache_alignment	: 64
address sizes	: 36 bits physical, 48 bits virtual
power management:



Memory: 4k page, physical 4023684k(420316k free), swap 5242876k(5242876k free)

vm_info: OpenJDK 64-Bit Server VM (25.111-b16) for linux-amd64 JRE (1.8.0_111-b16), built on Jan 10 2017 15:12:25 by "mockbuild" with gcc 6.3.1 20161221 (Red Hat 6.3.1-1)

time: Thu Mar  9 13:27:40 2017
elapsed time: 1 seconds (0d 0h 0m 1s)

